<?xml version="1.0" encoding="UTF-8"?>
<!-- Generated by org.testng.reporters.JUnitReportReporter -->
<testsuite hostname="DESKTOP-9JTRJBE" name="Hybrent3_8_1rc2.NewsAndEvents" tests="2" failures="0" timestamp="9 Mar 2022 11:47:26 GMT" time="55.944" errors="0">
  <testcase name="VerifyNewsDescriptionScreen" time="8.076" classname="Hybrent3_8_1rc2.NewsAndEvents"/>
  <testcase name="VerifyNewsAndEventsButtonTap" time="47.868" classname="Hybrent3_8_1rc2.NewsAndEvents"/>
</testsuite> <!-- Hybrent3_8_1rc2.NewsAndEvents -->
