<?xml version="1.0" encoding="UTF-8"?>
<!-- Generated by org.testng.reporters.JUnitReportReporter -->
<testsuite hostname="DESKTOP-9JTRJBE" name="Hybrent3_8_0rc4.BillOnly" tests="3" failures="0" timestamp="1 Feb 2022 11:46:55 GMT" time="160.866" errors="0">
  <testcase name="GenerateOrderBillOnly" time="67.314" classname="Hybrent3_8_0rc4.BillOnly"/>
  <testcase name="VerifyAddNewItemBillOnly" time="33.309" classname="Hybrent3_8_0rc4.BillOnly"/>
  <testcase name="VerifyBillOnlyButtonTap" time="60.243" classname="Hybrent3_8_0rc4.BillOnly"/>
</testsuite> <!-- Hybrent3_8_0rc4.BillOnly -->
