<?xml version="1.0" encoding="UTF-8"?>
<!-- Generated by org.testng.reporters.JUnitReportReporter -->
<testsuite hostname="DESKTOP-9JTRJBE" name="Hybrent3_6_0rc2.Settings" tests="2" failures="0" timestamp="11 Jun 2021 11:33:06 GMT" time="11.992" errors="0">
  <testcase name="VerifySettingsButtonTap" time="11.412" classname="Hybrent3_6_0rc2.Settings"/>
  <testcase name="VerifySettingsScreen" time="0.580" classname="Hybrent3_6_0rc2.Settings"/>
</testsuite> <!-- Hybrent3_6_0rc2.Settings -->
