<?xml version="1.0" encoding="UTF-8"?>
<!-- Generated by org.testng.reporters.JUnitReportReporter -->
<testsuite hostname="DESKTOP-9JTRJBE" name="Hybrent3_8_1rc1.Inventory_Receive" tests="3" failures="0" timestamp="9 Mar 2022 07:42:21 GMT" time="99.390" errors="0">
  <testcase name="VerifyCompleteInventoryRecieve" time="19.254" classname="Hybrent3_8_1rc1.Inventory_Receive"/>
  <testcase name="VerifyInventoryRecieveButtonTap" time="48.563" classname="Hybrent3_8_1rc1.Inventory_Receive"/>
  <testcase name="CreateVendorSignature" time="31.573" classname="Hybrent3_8_1rc1.Inventory_Receive"/>
</testsuite> <!-- Hybrent3_8_1rc1.Inventory_Receive -->
