<?xml version="1.0" encoding="UTF-8"?>
<!-- Generated by org.testng.reporters.JUnitReportReporter -->
<testsuite hostname="DESKTOP-9JTRJBE" name="Hybrent3_9_0rc3.Claim" tests="3" failures="0" timestamp="25 Apr 2022 07:10:50 GMT" time="87.222" errors="0">
  <testcase name="VerifyClaimCreation" time="33.736" classname="Hybrent3_9_0rc3.Claim"/>
  <testcase name="VerifyStartNewClaimButtonTap" time="31.155" classname="Hybrent3_9_0rc3.Claim"/>
  <testcase name="VerifyAddItemInClaim" time="22.331" classname="Hybrent3_9_0rc3.Claim"/>
</testsuite> <!-- Hybrent3_9_0rc3.Claim -->
