<?xml version="1.0" encoding="UTF-8"?>
<!-- Generated by org.testng.reporters.JUnitReportReporter -->
<testsuite hostname="DESKTOP-9JTRJBE" name="Hybrent.BillOnly" tests="1" failures="0" timestamp="14 Aug 2020 12:59:45 GMT" time="142.527" errors="0">
  <testcase name="Bill_Only" time="142.527" classname="Hybrent.BillOnly"/>
</testsuite> <!-- Hybrent.BillOnly -->
