<?xml version="1.0" encoding="UTF-8"?>
<!-- Generated by org.testng.reporters.JUnitReportReporter -->
<testsuite hostname="DESKTOP-9JTRJBE" name="Hybrent3_9_0rc3.NewsAndEvents" tests="2" failures="0" timestamp="25 Apr 2022 07:10:50 GMT" time="61.543" errors="0">
  <testcase name="VerifyNewsDescriptionScreen" time="14.406" classname="Hybrent3_9_0rc3.NewsAndEvents"/>
  <testcase name="VerifyNewsAndEventsButtonTap" time="47.137" classname="Hybrent3_9_0rc3.NewsAndEvents"/>
</testsuite> <!-- Hybrent3_9_0rc3.NewsAndEvents -->
