<?xml version="1.0" encoding="UTF-8"?>
<!-- Generated by org.testng.reporters.JUnitReportReporter -->
<testsuite hostname="DESKTOP-9JTRJBE" name="Hybrent3_8_1rc2.Invoice" tests="3" failures="0" timestamp="9 Mar 2022 11:47:26 GMT" time="33.331" errors="0">
  <testcase name="VerifyProcessedInvoice" time="16.157" classname="Hybrent3_8_1rc2.Invoice"/>
  <testcase name="VerifyInvoiceDeatilPage" time="6.763" classname="Hybrent3_8_1rc2.Invoice"/>
  <testcase name="VerifyInvoiceButtonTap" time="10.411" classname="Hybrent3_8_1rc2.Invoice"/>
</testsuite> <!-- Hybrent3_8_1rc2.Invoice -->
