<?xml version="1.0" encoding="UTF-8"?>
<!-- Generated by org.testng.reporters.JUnitReportReporter -->
<testsuite hostname="DESKTOP-9JTRJBE" name="Hybrent3_8_0rc4.Settings" tests="2" failures="0" timestamp="1 Feb 2022 11:46:55 GMT" time="42.952" errors="0">
  <testcase name="VerifySettingsButtonTap" time="11.985" classname="Hybrent3_8_0rc4.Settings"/>
  <testcase name="VerifySettingsScreen" time="30.967" classname="Hybrent3_8_0rc4.Settings"/>
</testsuite> <!-- Hybrent3_8_0rc4.Settings -->
