<?xml version="1.0" encoding="UTF-8"?>
<!-- Generated by org.testng.reporters.JUnitReportReporter -->
<testsuite hostname="DESKTOP-9JTRJBE" name="Hybrent3_9_0rc3.Shop" tests="2" failures="0" timestamp="25 Apr 2022 07:10:50 GMT" time="26.792" errors="0">
  <testcase name="Verify_ItemAddToCart" time="7.669" classname="Hybrent3_9_0rc3.Shop"/>
  <testcase name="Verify_Shop" time="19.123" classname="Hybrent3_9_0rc3.Shop"/>
</testsuite> <!-- Hybrent3_9_0rc3.Shop -->
