<?xml version="1.0" encoding="UTF-8"?>
<!-- Generated by org.testng.reporters.JUnitReportReporter -->
<testsuite hostname="DESKTOP-9JTRJBE" name="Hybrent3_9_0rc1.Shop" tests="2" failures="0" timestamp="31 Mar 2022 13:13:35 GMT" time="31.008" errors="0">
  <testcase name="Verify_Shop" time="19.227" classname="Hybrent3_9_0rc1.Shop"/>
  <testcase name="Verify_ItemAddToCart" time="11.781" classname="Hybrent3_9_0rc1.Shop"/>
</testsuite> <!-- Hybrent3_9_0rc1.Shop -->
