<?xml version="1.0" encoding="UTF-8"?>
<!-- Generated by org.testng.reporters.JUnitReportReporter -->
<testsuite hostname="DESKTOP-9JTRJBE" name="Hybrent3_5_0.Templates" tests="3" failures="0" timestamp="8 Jan 2021 14:10:21 GMT" time="368.925" errors="0">
  <testcase name="Scan_Out_Template" time="196.793" classname="Hybrent3_5_0.Templates"/>
  <testcase name="Order_Template" time="119.921" classname="Hybrent3_5_0.Templates"/>
  <testcase name="Kit_Template" time="52.211" classname="Hybrent3_5_0.Templates"/>
</testsuite> <!-- Hybrent3_5_0.Templates -->
