<?xml version="1.0" encoding="UTF-8"?>
<!-- Generated by org.testng.reporters.JUnitReportReporter -->
<testsuite hostname="DESKTOP-9JTRJBE" name="Hybrent3_9_0rc3.ScanOut" tests="3" failures="0" timestamp="25 Apr 2022 07:10:49 GMT" time="78.730" errors="0">
  <testcase name="Verify_ScanOutButtonTap" time="12.420" classname="Hybrent3_9_0rc3.ScanOut"/>
  <testcase name="Verify_Complete_ScanOut" time="55.630" classname="Hybrent3_9_0rc3.ScanOut"/>
  <testcase name="Verify_AddItemScanOut" time="10.680" classname="Hybrent3_9_0rc3.ScanOut"/>
</testsuite> <!-- Hybrent3_9_0rc3.ScanOut -->
