<?xml version="1.0" encoding="UTF-8"?>
<!-- Generated by org.testng.reporters.JUnitReportReporter -->
<testsuite hostname="DESKTOP-9JTRJBE" name="Hybrent3_8_0rc4.Profile" tests="2" failures="0" timestamp="1 Feb 2022 11:46:55 GMT" time="73.660" errors="0">
  <testcase name="VerifyProfileScreen" time="31.107" classname="Hybrent3_8_0rc4.Profile"/>
  <testcase name="VerifyProfileButtonTap" time="42.553" classname="Hybrent3_8_0rc4.Profile"/>
</testsuite> <!-- Hybrent3_8_0rc4.Profile -->
