<?xml version="1.0" encoding="UTF-8"?>
<!-- Generated by org.testng.reporters.JUnitReportReporter -->
<testsuite hostname="DESKTOP-9JTRJBE" name="Hybrent3_5_0.Shipment" tests="1" failures="0" timestamp="7 Jan 2021 14:24:10 GMT" time="67.569" errors="0">
  <testcase name="shipment" time="67.569" classname="Hybrent3_5_0.Shipment"/>
</testsuite> <!-- Hybrent3_5_0.Shipment -->
