<?xml version="1.0" encoding="UTF-8"?>
<!-- Generated by org.testng.reporters.JUnitReportReporter -->
<testsuite hostname="DESKTOP-9JTRJBE" name="Hybrent3_9_0rc2.NewsAndEvents" tests="2" failures="0" timestamp="7 Apr 2022 05:09:11 GMT" time="55.218" errors="0">
  <testcase name="VerifyNewsDescriptionScreen" time="8.459" classname="Hybrent3_9_0rc2.NewsAndEvents"/>
  <testcase name="VerifyNewsAndEventsButtonTap" time="46.759" classname="Hybrent3_9_0rc2.NewsAndEvents"/>
</testsuite> <!-- Hybrent3_9_0rc2.NewsAndEvents -->
