<?xml version="1.0" encoding="UTF-8"?>
<!-- Generated by org.testng.reporters.JUnitReportReporter -->
<testsuite hostname="DESKTOP-9JTRJBE" name="Hybrent3_9_0rc2.Shop" tests="2" failures="0" timestamp="7 Apr 2022 05:09:11 GMT" time="30.901" errors="0">
  <testcase name="Verify_Shop" time="19.268" classname="Hybrent3_9_0rc2.Shop"/>
  <testcase name="Verify_ItemAddToCart" time="11.633" classname="Hybrent3_9_0rc2.Shop"/>
</testsuite> <!-- Hybrent3_9_0rc2.Shop -->
