<?xml version="1.0" encoding="UTF-8"?>
<!-- Generated by org.testng.reporters.JUnitReportReporter -->
<testsuite hostname="DESKTOP-9JTRJBE" name="Hybrent3_6_0.Claim" tests="3" failures="0" timestamp="19 May 2021 04:09:54 GMT" time="87.368" errors="0">
  <testcase name="VerifyClaimCreation" time="24.320" classname="Hybrent3_6_0.Claim"/>
  <testcase name="VerifyStartNewClaimButtonTap" time="44.945" classname="Hybrent3_6_0.Claim"/>
  <testcase name="VerifyAddItemInClaim" time="18.103" classname="Hybrent3_6_0.Claim"/>
</testsuite> <!-- Hybrent3_6_0.Claim -->
