<?xml version="1.0" encoding="UTF-8"?>
<!-- Generated by org.testng.reporters.JUnitReportReporter -->
<testsuite hostname="DESKTOP-9JTRJBE" name="Hybrent3_8_1rc2.Orders" tests="1" failures="0" timestamp="9 Mar 2022 11:47:26 GMT" time="19.000" errors="0">
  <testcase name="Verify_Order" time="19.000" classname="Hybrent3_8_1rc2.Orders"/>
</testsuite> <!-- Hybrent3_8_1rc2.Orders -->
