<?xml version="1.0" encoding="UTF-8"?>
<!-- Generated by org.testng.reporters.JUnitReportReporter -->
<testsuite hostname="DESKTOP-9JTRJBE" name="Hybrent3_5_2.ScanOut" tests="1" failures="0" timestamp="17 Mar 2021 07:31:47 GMT" time="41.172" errors="0">
  <testcase name="Scan_out" time="41.172" classname="Hybrent3_5_2.ScanOut"/>
</testsuite> <!-- Hybrent3_5_2.ScanOut -->
