<?xml version="1.0" encoding="UTF-8"?>
<!-- Generated by org.testng.reporters.JUnitReportReporter -->
<testsuite hostname="DESKTOP-9JTRJBE" name="Hybrent3_8_1rc2.Settings" tests="2" failures="0" timestamp="9 Mar 2022 11:47:26 GMT" time="42.426" errors="0">
  <testcase name="VerifySettingsScreen" time="30.850" classname="Hybrent3_8_1rc2.Settings"/>
  <testcase name="VerifySettingsButtonTap" time="11.576" classname="Hybrent3_8_1rc2.Settings"/>
</testsuite> <!-- Hybrent3_8_1rc2.Settings -->
