<?xml version="1.0" encoding="UTF-8"?>
<!-- Generated by org.testng.reporters.JUnitReportReporter -->
<testsuite hostname="DESKTOP-9JTRJBE" name="Hybrent3_4_0.Login" tests="1" failures="0" timestamp="21 Oct 2020 13:49:04 GMT" time="9.094" errors="0">
  <testcase name="Login_Hybrent1" time="9.094" classname="Hybrent3_4_0.Login"/>
</testsuite> <!-- Hybrent3_4_0.Login -->
