<?xml version="1.0" encoding="UTF-8"?>
<!-- Generated by org.testng.reporters.JUnitReportReporter -->
<testsuite hostname="DESKTOP-9JTRJBE" name="Hybrent3_8_0rc4.Cart" tests="3" failures="0" timestamp="1 Feb 2022 11:46:55 GMT" time="75.457" errors="0">
  <testcase name="Verify_ADDItemsFromCart" time="38.414" classname="Hybrent3_8_0rc4.Cart"/>
  <testcase name="Verify_Cart" time="18.289" classname="Hybrent3_8_0rc4.Cart"/>
  <testcase name="Create_Order" time="18.754" classname="Hybrent3_8_0rc4.Cart"/>
</testsuite> <!-- Hybrent3_8_0rc4.Cart -->
