<?xml version="1.0" encoding="UTF-8"?>
<!-- Generated by org.testng.reporters.JUnitReportReporter -->
<testsuite hostname="DESKTOP-9JTRJBE" name="Hybrent3_7_0rc2.Shop" tests="2" failures="0" timestamp="28 Jul 2021 12:00:09 GMT" time="33.380" errors="0">
  <testcase name="Verify_ItemAddToCart" time="13.941" classname="Hybrent3_7_0rc2.Shop"/>
  <testcase name="Verify_Shop" time="19.439" classname="Hybrent3_7_0rc2.Shop"/>
</testsuite> <!-- Hybrent3_7_0rc2.Shop -->
