<?xml version="1.0" encoding="UTF-8"?>
<!-- Generated by org.testng.reporters.JUnitReportReporter -->
<testsuite hostname="DESKTOP-9JTRJBE" name="Hybrent3_7_0rc3.Receive_Orders" tests="3" failures="0" timestamp="19 Aug 2021 13:00:52 GMT" time="80.431" errors="0">
  <testcase name="VerifyTap_ReceiveOrder" time="41.935" classname="Hybrent3_7_0rc3.Receive_Orders"/>
  <testcase name="VerifySearch_Order" time="11.258" classname="Hybrent3_7_0rc3.Receive_Orders"/>
  <testcase name="Verify_ReceiveOrder" time="27.238" classname="Hybrent3_7_0rc3.Receive_Orders"/>
</testsuite> <!-- Hybrent3_7_0rc3.Receive_Orders -->
