<?xml version="1.0" encoding="UTF-8"?>
<!-- Generated by org.testng.reporters.JUnitReportReporter -->
<testsuite hostname="DESKTOP-9JTRJBE" name="Hybrent3_7_0rc3.BillAndReplace" tests="5" failures="0" timestamp="19 Aug 2021 13:00:52 GMT" time="254.457" errors="0">
  <testcase name="Verify_BillAndReplace_PO" time="29.671" classname="Hybrent3_7_0rc3.BillAndReplace"/>
  <testcase name="Generate_BillAndReplace_PO" time="21.938" classname="Hybrent3_7_0rc3.BillAndReplace"/>
  <testcase name="VerifyTap_BillAndReplace" time="31.480" classname="Hybrent3_7_0rc3.BillAndReplace"/>
  <testcase name="Recieve_BillAndReplace_PO" time="157.205" classname="Hybrent3_7_0rc3.BillAndReplace"/>
  <testcase name="VerifyAddItem_BillAndReplace" time="14.163" classname="Hybrent3_7_0rc3.BillAndReplace"/>
</testsuite> <!-- Hybrent3_7_0rc3.BillAndReplace -->
