<?xml version="1.0" encoding="UTF-8"?>
<!-- Generated by org.testng.reporters.JUnitReportReporter -->
<testsuite hostname="DESKTOP-9JTRJBE" name="Hybrent3_7_0rc3.Shop" tests="2" failures="0" timestamp="19 Aug 2021 13:00:52 GMT" time="32.555" errors="0">
  <testcase name="Verify_Shop" time="19.135" classname="Hybrent3_7_0rc3.Shop"/>
  <testcase name="Verify_ItemAddToCart" time="13.420" classname="Hybrent3_7_0rc3.Shop"/>
</testsuite> <!-- Hybrent3_7_0rc3.Shop -->
