<?xml version="1.0" encoding="UTF-8"?>
<!-- Generated by org.testng.reporters.JUnitReportReporter -->
<testsuite hostname="DESKTOP-9JTRJBE" name="Hybrent3_5_2.Shipment" tests="1" failures="0" timestamp="17 Mar 2021 07:31:47 GMT" time="36.981" errors="0">
  <testcase name="shipment" time="36.981" classname="Hybrent3_5_2.Shipment"/>
</testsuite> <!-- Hybrent3_5_2.Shipment -->
