<?xml version="1.0" encoding="UTF-8"?>
<!-- Generated by org.testng.reporters.JUnitReportReporter -->
<testsuite hostname="DESKTOP-9JTRJBE" name="Hybrent3_9_0rc3.Settings" tests="2" failures="0" timestamp="25 Apr 2022 07:10:50 GMT" time="43.120" errors="0">
  <testcase name="VerifySettingsButtonTap" time="11.924" classname="Hybrent3_9_0rc3.Settings"/>
  <testcase name="VerifySettingsScreen" time="31.196" classname="Hybrent3_9_0rc3.Settings"/>
</testsuite> <!-- Hybrent3_9_0rc3.Settings -->
