<?xml version="1.0" encoding="UTF-8"?>
<!-- Generated by org.testng.reporters.JUnitReportReporter -->
<testsuite hostname="DESKTOP-9JTRJBE" name="Hybrent3_8_1rc1.Settings" tests="2" failures="0" timestamp="9 Mar 2022 07:42:21 GMT" time="43.029" errors="0">
  <testcase name="VerifySettingsButtonTap" time="42.410" classname="Hybrent3_8_1rc1.Settings"/>
  <testcase name="VerifySettingsScreen" time="0.619" classname="Hybrent3_8_1rc1.Settings"/>
</testsuite> <!-- Hybrent3_8_1rc1.Settings -->
