<?xml version="1.0" encoding="UTF-8"?>
<!-- Generated by org.testng.reporters.JUnitReportReporter -->
<testsuite hostname="DESKTOP-9JTRJBE" name="Hybrent3_4_0.Orders" tests="5" failures="0" timestamp="21 Oct 2020 13:49:04 GMT" time="104.759" errors="0">
  <testcase name="Item_added_in_cart" time="0.980" classname="Hybrent3_4_0.Orders"/>
  <testcase name="Recieve_Order" time="36.631" classname="Hybrent3_4_0.Orders"/>
  <testcase name="Create_Order" time="12.517" classname="Hybrent3_4_0.Orders"/>
  <testcase name="Verify_Shop" time="29.024" classname="Hybrent3_4_0.Orders"/>
  <testcase name="Verify_Order" time="25.607" classname="Hybrent3_4_0.Orders"/>
</testsuite> <!-- Hybrent3_4_0.Orders -->
