<?xml version="1.0" encoding="UTF-8"?>
<!-- Generated by org.testng.reporters.JUnitReportReporter -->
<testsuite hostname="DESKTOP-9JTRJBE" name="Hybrent3_7_0rc2.Shop2" tests="2" failures="0" timestamp="28 Jul 2021 11:03:30 GMT" time="81.293" errors="0">
  <testcase name="Verify_Shop" time="20.582" classname="Hybrent3_7_0rc2.Shop2"/>
  <testcase name="Verify_ItemAddToCart" time="60.711" classname="Hybrent3_7_0rc2.Shop2"/>
</testsuite> <!-- Hybrent3_7_0rc2.Shop2 -->
