<?xml version="1.0" encoding="UTF-8"?>
<!-- Generated by org.testng.reporters.JUnitReportReporter -->
<testsuite hostname="DESKTOP-9JTRJBE" name="Hybrent3_8_0rc4.Claim" tests="3" failures="0" timestamp="1 Feb 2022 11:46:55 GMT" time="79.358" errors="0">
  <testcase name="VerifyAddItemInClaim" time="22.252" classname="Hybrent3_8_0rc4.Claim"/>
  <testcase name="VerifyStartNewClaimButtonTap" time="26.353" classname="Hybrent3_8_0rc4.Claim"/>
  <testcase name="VerifyClaimCreation" time="30.753" classname="Hybrent3_8_0rc4.Claim"/>
</testsuite> <!-- Hybrent3_8_0rc4.Claim -->
