<?xml version="1.0" encoding="UTF-8"?>
<!-- Generated by org.testng.reporters.JUnitReportReporter -->
<testsuite hostname="DESKTOP-9JTRJBE" name="Hybrent3_9_0rc1.Receive_Orders" tests="3" failures="0" timestamp="31 Mar 2022 13:13:35 GMT" time="74.952" errors="0">
  <testcase name="Verify_ReceiveOrder" time="27.634" classname="Hybrent3_9_0rc1.Receive_Orders"/>
  <testcase name="VerifyTap_ReceiveOrder" time="42.009" classname="Hybrent3_9_0rc1.Receive_Orders"/>
  <testcase name="VerifySearch_Order" time="5.309" classname="Hybrent3_9_0rc1.Receive_Orders"/>
</testsuite> <!-- Hybrent3_9_0rc1.Receive_Orders -->
