<?xml version="1.0" encoding="UTF-8"?>
<!-- Generated by org.testng.reporters.JUnitReportReporter -->
<testsuite hostname="DESKTOP-9JTRJBE" name="Hybrent3_7_0rc3.ScanOut" tests="3" failures="0" timestamp="19 Aug 2021 13:00:52 GMT" time="71.279" errors="0">
  <testcase name="Verify_ScanOutButtonTap" time="11.960" classname="Hybrent3_7_0rc3.ScanOut"/>
  <testcase name="Verify_ScanOut" time="48.973" classname="Hybrent3_7_0rc3.ScanOut"/>
  <testcase name="Verify_AddItemScanOut" time="10.346" classname="Hybrent3_7_0rc3.ScanOut"/>
</testsuite> <!-- Hybrent3_7_0rc3.ScanOut -->
