<?xml version="1.0" encoding="UTF-8"?>
<!-- Generated by org.testng.reporters.JUnitReportReporter -->
<testsuite hostname="DESKTOP-9JTRJBE" name="Hybrent3_6_0.Shipment" tests="3" failures="0" timestamp="19 May 2021 04:09:54 GMT" time="38.207" errors="0">
  <testcase name="ReceiveShipment" time="22.743" classname="Hybrent3_6_0.Shipment"/>
  <testcase name="VerifyShipmentButtonTap" time="11.096" classname="Hybrent3_6_0.Shipment"/>
  <testcase name="VerifyShipmentDeatailPage" time="4.368" classname="Hybrent3_6_0.Shipment"/>
</testsuite> <!-- Hybrent3_6_0.Shipment -->
