<?xml version="1.0" encoding="UTF-8"?>
<!-- Generated by org.testng.reporters.JUnitReportReporter -->
<testsuite hostname="DESKTOP-9JTRJBE" name="Hybrent3_8_0rc4.Shipment" tests="3" failures="0" timestamp="1 Feb 2022 11:46:55 GMT" time="38.497" errors="0">
  <testcase name="VerifyShipmentButtonTap" time="17.108" classname="Hybrent3_8_0rc4.Shipment"/>
  <testcase name="VerifyShipmentDeatailPage" time="1.058" classname="Hybrent3_8_0rc4.Shipment"/>
  <testcase name="ReceiveShipment" time="20.331" classname="Hybrent3_8_0rc4.Shipment"/>
</testsuite> <!-- Hybrent3_8_0rc4.Shipment -->
