<?xml version="1.0" encoding="UTF-8"?>
<!-- Generated by org.testng.reporters.JUnitReportReporter -->
<testsuite hostname="DESKTOP-9JTRJBE" name="Hybrent3_8_1rc2.Logout" tests="2" failures="0" timestamp="9 Mar 2022 11:47:26 GMT" time="45.255" errors="0">
  <testcase name="VerifyLogoutButtonTap" time="44.889" classname="Hybrent3_8_1rc2.Logout"/>
  <testcase name="VerifyLogout" time="0.366" classname="Hybrent3_8_1rc2.Logout"/>
</testsuite> <!-- Hybrent3_8_1rc2.Logout -->
