<?xml version="1.0" encoding="UTF-8"?>
<!-- Generated by org.testng.reporters.JUnitReportReporter -->
<testsuite hostname="DESKTOP-9JTRJBE" name="Hybrent.Templates" tests="3" failures="0" timestamp="14 Aug 2020 12:59:45 GMT" time="107.251" errors="0">
  <testcase name="Order_Template" time="16.669" classname="Hybrent.Templates"/>
  <testcase name="Scan_Out_Template" time="73.459" classname="Hybrent.Templates"/>
  <testcase name="Kit_Template" time="17.123" classname="Hybrent.Templates"/>
</testsuite> <!-- Hybrent.Templates -->
