<?xml version="1.0" encoding="UTF-8"?>
<!-- Generated by org.testng.reporters.JUnitReportReporter -->
<testsuite hostname="DESKTOP-9JTRJBE" name="Hybrent3_9_0rc1.Shipment" tests="2" failures="0" timestamp="31 Mar 2022 13:13:35 GMT" time="17.719" errors="0">
  <testcase name="VerifyShipmentButtonTap" time="17.143" classname="Hybrent3_9_0rc1.Shipment"/>
  <testcase name="VerifyShipmentDeatailPage" time="0.576" classname="Hybrent3_9_0rc1.Shipment"/>
</testsuite> <!-- Hybrent3_9_0rc1.Shipment -->
