<?xml version="1.0" encoding="UTF-8"?>
<!-- Generated by org.testng.reporters.JUnitReportReporter -->
<testsuite hostname="DESKTOP-9JTRJBE" name="Hybrent3_9_0rc3.Logout" tests="2" failures="0" timestamp="25 Apr 2022 07:10:50 GMT" time="44.995" errors="0">
  <testcase name="VerifyLogout" time="0.873" classname="Hybrent3_9_0rc3.Logout"/>
  <testcase name="VerifyLogoutButtonTap" time="44.122" classname="Hybrent3_9_0rc3.Logout"/>
</testsuite> <!-- Hybrent3_9_0rc3.Logout -->
