<?xml version="1.0" encoding="UTF-8"?>
<!-- Generated by org.testng.reporters.JUnitReportReporter -->
<testsuite hostname="DESKTOP-9JTRJBE" name="Hybrent3_8_1rc1.Login" tests="6" failures="0" timestamp="9 Mar 2022 07:42:21 GMT" time="52.769" errors="0">
  <testcase name="VerifyWithInvalidSiteNameEnter" time="6.372" classname="Hybrent3_8_1rc1.Login"/>
  <testcase name="VerifyWithBlankSiteNameEnter" time="9.205" classname="Hybrent3_8_1rc1.Login"/>
  <testcase name="LoginWithBlankCrednetials" time="8.979" classname="Hybrent3_8_1rc1.Login"/>
  <testcase name="LoginWithValidCrednetials" time="13.441" classname="Hybrent3_8_1rc1.Login"/>
  <testcase name="LoginWithInvalidCrednetials" time="8.068" classname="Hybrent3_8_1rc1.Login"/>
  <testcase name="VerifyWithValidSiteNameEnter" time="6.704" classname="Hybrent3_8_1rc1.Login"/>
</testsuite> <!-- Hybrent3_8_1rc1.Login -->
