<?xml version="1.0" encoding="UTF-8"?>
<!-- Generated by org.testng.reporters.JUnitReportReporter -->
<testsuite hostname="DESKTOP-9JTRJBE" name="Hybrent3_5_0.Templates1" tests="1" failures="0" timestamp="8 Jan 2021 09:08:13 GMT" time="73.072" errors="0">
  <testcase name="Order_Template" time="73.072" classname="Hybrent3_5_0.Templates1"/>
</testsuite> <!-- Hybrent3_5_0.Templates1 -->
