<?xml version="1.0" encoding="UTF-8"?>
<!-- Generated by org.testng.reporters.JUnitReportReporter -->
<testsuite hostname="DESKTOP-9JTRJBE" name="Hybrent3_8_1rc1.Logout" tests="2" failures="0" timestamp="9 Mar 2022 07:42:21 GMT" time="13.590" errors="0">
  <testcase name="VerifyLogout" time="0.216" classname="Hybrent3_8_1rc1.Logout"/>
  <testcase name="VerifyLogoutButtonTap" time="13.374" classname="Hybrent3_8_1rc1.Logout"/>
</testsuite> <!-- Hybrent3_8_1rc1.Logout -->
