<?xml version="1.0" encoding="UTF-8"?>
<!-- Generated by org.testng.reporters.JUnitReportReporter -->
<testsuite hostname="DESKTOP-9JTRJBE" name="Hybrent3_9_0rc1.Settings" tests="2" failures="0" timestamp="31 Mar 2022 13:13:35 GMT" time="42.805" errors="0">
  <testcase name="VerifySettingsScreen" time="31.448" classname="Hybrent3_9_0rc1.Settings"/>
  <testcase name="VerifySettingsButtonTap" time="11.357" classname="Hybrent3_9_0rc1.Settings"/>
</testsuite> <!-- Hybrent3_9_0rc1.Settings -->
