<?xml version="1.0" encoding="UTF-8"?>
<!-- Generated by org.testng.reporters.JUnitReportReporter -->
<testsuite hostname="DESKTOP-9JTRJBE" name="Hybrent3_6_0rc2.ScanOut" tests="3" failures="0" timestamp="11 Jun 2021 11:33:06 GMT" time="54.107" errors="0">
  <testcase name="Verify_AddItemScanOut" time="10.327" classname="Hybrent3_6_0rc2.ScanOut"/>
  <testcase name="Verify_ScanOutButtonTap" time="20.072" classname="Hybrent3_6_0rc2.ScanOut"/>
  <testcase name="Verify_ScanOut" time="23.708" classname="Hybrent3_6_0rc2.ScanOut"/>
</testsuite> <!-- Hybrent3_6_0rc2.ScanOut -->
