<?xml version="1.0" encoding="UTF-8"?>
<!-- Generated by org.testng.reporters.JUnitReportReporter -->
<testsuite hostname="DESKTOP-9JTRJBE" name="Hybrent3_6_0rc2.Cycle_Count" tests="3" failures="0" timestamp="11 Jun 2021 11:33:06 GMT" time="152.541" errors="0">
  <testcase name="VerifyCycleCountButtonTap" time="91.779" classname="Hybrent3_6_0rc2.Cycle_Count"/>
  <testcase name="VerifyIntiateCycleCount" time="56.394" classname="Hybrent3_6_0rc2.Cycle_Count"/>
  <testcase name="Verify_CycleCount" time="4.368" classname="Hybrent3_6_0rc2.Cycle_Count"/>
</testsuite> <!-- Hybrent3_6_0rc2.Cycle_Count -->
