<?xml version="1.0" encoding="UTF-8"?>
<!-- Generated by org.testng.reporters.JUnitReportReporter -->
<testsuite hostname="DESKTOP-9JTRJBE" name="Hybrent3_5_0.ScanOut" tests="1" failures="0" timestamp="8 Jan 2021 14:10:21 GMT" time="102.971" errors="0">
  <testcase name="Scan_out" time="102.971" classname="Hybrent3_5_0.ScanOut"/>
</testsuite> <!-- Hybrent3_5_0.ScanOut -->
