<?xml version="1.0" encoding="UTF-8"?>
<!-- Generated by org.testng.reporters.JUnitReportReporter -->
<testsuite hostname="DESKTOP-9JTRJBE" name="Hybrent3_8_0rc4.Inventory_Transfer" tests="3" failures="0" timestamp="1 Feb 2022 11:46:55 GMT" time="49.883" errors="0">
  <testcase name="VerifyAddItemTransfer" time="28.433" classname="Hybrent3_8_0rc4.Inventory_Transfer"/>
  <testcase name="VerifyInventoryTransferButtonTap" time="17.292" classname="Hybrent3_8_0rc4.Inventory_Transfer"/>
  <testcase name="VerifyCompleteInventoryTransfer" time="4.158" classname="Hybrent3_8_0rc4.Inventory_Transfer"/>
</testsuite> <!-- Hybrent3_8_0rc4.Inventory_Transfer -->
