<?xml version="1.0" encoding="UTF-8"?>
<!-- Generated by org.testng.reporters.JUnitReportReporter -->
<testsuite hostname="DESKTOP-9JTRJBE" name="Hybrent3_7_0rc3.Invoice" tests="3" failures="0" timestamp="19 Aug 2021 13:00:52 GMT" time="26.970" errors="0">
  <testcase name="VerifyInvoiceDeatilPage" time="8.041" classname="Hybrent3_7_0rc3.Invoice"/>
  <testcase name="VerifyProcessedInvoice" time="8.063" classname="Hybrent3_7_0rc3.Invoice"/>
  <testcase name="VerifyInvoiceButtonTap" time="10.866" classname="Hybrent3_7_0rc3.Invoice"/>
</testsuite> <!-- Hybrent3_7_0rc3.Invoice -->
