<?xml version="1.0" encoding="UTF-8"?>
<!-- Generated by org.testng.reporters.JUnitReportReporter -->
<testsuite hostname="DESKTOP-9JTRJBE" name="Hybrent.Charge_Resident" tests="1" failures="0" timestamp="14 Aug 2020 12:59:45 GMT" time="32.411" errors="0">
  <testcase name="ChargeResident" time="32.411" classname="Hybrent.Charge_Resident"/>
</testsuite> <!-- Hybrent.Charge_Resident -->
