<?xml version="1.0" encoding="UTF-8"?>
<!-- Generated by org.testng.reporters.JUnitReportReporter -->
<testsuite hostname="DESKTOP-9JTRJBE" name="Hybrent3_8_0rc4.Inventory_Receive" tests="1" failures="0" timestamp="1 Feb 2022 11:46:55 GMT" time="48.265" errors="0">
  <testcase name="VerifyInventoryRecieveButtonTap" time="48.265" classname="Hybrent3_8_0rc4.Inventory_Receive"/>
</testsuite> <!-- Hybrent3_8_0rc4.Inventory_Receive -->
