<?xml version="1.0" encoding="UTF-8"?>
<!-- Generated by org.testng.reporters.JUnitReportReporter -->
<testsuite hostname="DESKTOP-9JTRJBE" name="Hybrent3_9_0rc3.Invoice" tests="3" failures="0" timestamp="25 Apr 2022 07:10:50 GMT" time="42.314" errors="0">
  <testcase name="VerifyProcessedInvoice" time="24.913" classname="Hybrent3_9_0rc3.Invoice"/>
  <testcase name="VerifyInvoiceButtonTap" time="11.387" classname="Hybrent3_9_0rc3.Invoice"/>
  <testcase name="VerifyInvoiceDeatilPage" time="6.014" classname="Hybrent3_9_0rc3.Invoice"/>
</testsuite> <!-- Hybrent3_9_0rc3.Invoice -->
