<?xml version="1.0" encoding="UTF-8"?>
<!-- Generated by org.testng.reporters.JUnitReportReporter -->
<testsuite hostname="DESKTOP-9JTRJBE" name="Hybrent3_8_1rc1.ScanIn" tests="3" failures="0" timestamp="9 Mar 2022 07:42:21 GMT" time="63.576" errors="0">
  <testcase name="Verify_ScanInButtonTap" time="16.950" classname="Hybrent3_8_1rc1.ScanIn"/>
  <testcase name="VerifyAddItem_ScanIn" time="23.408" classname="Hybrent3_8_1rc1.ScanIn"/>
  <testcase name="Verify_Complete_ScanIn" time="23.218" classname="Hybrent3_8_1rc1.ScanIn"/>
</testsuite> <!-- Hybrent3_8_1rc1.ScanIn -->
