<?xml version="1.0" encoding="UTF-8"?>
<!-- Generated by org.testng.reporters.JUnitReportReporter -->
<testsuite hostname="DESKTOP-9JTRJBE" name="Hybrent3_9_0rc2.BillOnly" tests="3" failures="0" timestamp="7 Apr 2022 05:09:11 GMT" time="164.346" errors="0">
  <testcase name="VerifyAddNewItemBillOnly" time="32.726" classname="Hybrent3_9_0rc2.BillOnly"/>
  <testcase name="VerifyBillOnlyButtonTap" time="62.745" classname="Hybrent3_9_0rc2.BillOnly"/>
  <testcase name="GenerateOrderBillOnly" time="68.875" classname="Hybrent3_9_0rc2.BillOnly"/>
</testsuite> <!-- Hybrent3_9_0rc2.BillOnly -->
