<?xml version="1.0" encoding="UTF-8"?>
<!-- Generated by org.testng.reporters.JUnitReportReporter -->
<testsuite hostname="DESKTOP-9JTRJBE" name="Hybrent3_8_1rc2.Inventory_Transfer" tests="3" failures="0" timestamp="9 Mar 2022 11:47:26 GMT" time="50.024" errors="0">
  <testcase name="VerifyAddItemTransfer" time="28.707" classname="Hybrent3_8_1rc2.Inventory_Transfer"/>
  <testcase name="VerifyCompleteInventoryTransfer" time="4.619" classname="Hybrent3_8_1rc2.Inventory_Transfer"/>
  <testcase name="VerifyInventoryTransferButtonTap" time="16.698" classname="Hybrent3_8_1rc2.Inventory_Transfer"/>
</testsuite> <!-- Hybrent3_8_1rc2.Inventory_Transfer -->
