<?xml version="1.0" encoding="UTF-8"?>
<!-- Generated by org.testng.reporters.JUnitReportReporter -->
<testsuite hostname="DESKTOP-9JTRJBE" name="Hybrent3_9_0rc2.Templates" tests="9" failures="0" timestamp="7 Apr 2022 05:09:11 GMT" time="215.389" errors="0">
  <testcase name="Verify_ScanOut" time="43.801" classname="Hybrent3_9_0rc2.Templates"/>
  <testcase name="Verify_KitTemplate" time="0.644" classname="Hybrent3_9_0rc2.Templates"/>
  <testcase name="Verify_ScanOutTemplate" time="49.029" classname="Hybrent3_9_0rc2.Templates"/>
  <testcase name="Verify_KitTemplateDetailPage" time="14.744" classname="Hybrent3_9_0rc2.Templates"/>
  <testcase name="Make_Order" time="13.337" classname="Hybrent3_9_0rc2.Templates"/>
  <testcase name="Verify_OrderTemplate" time="48.450" classname="Hybrent3_9_0rc2.Templates"/>
  <testcase name="Verify_ScanOutTemplateDetailPage" time="18.757" classname="Hybrent3_9_0rc2.Templates"/>
  <testcase name="Verify_OrderTemplateDetailPage" time="10.989" classname="Hybrent3_9_0rc2.Templates"/>
  <testcase name="Make_Kit" time="15.638" classname="Hybrent3_9_0rc2.Templates"/>
</testsuite> <!-- Hybrent3_9_0rc2.Templates -->
