<?xml version="1.0" encoding="UTF-8"?>
<!-- Generated by org.testng.reporters.JUnitReportReporter -->
<testsuite hostname="DESKTOP-9JTRJBE" name="Hybrent3_6_0rc2.Shop" tests="2" failures="0" timestamp="11 Jun 2021 11:33:06 GMT" time="32.891" errors="0">
  <testcase name="Verify_ItemAddToCart" time="13.735" classname="Hybrent3_6_0rc2.Shop"/>
  <testcase name="Verify_Shop" time="19.156" classname="Hybrent3_6_0rc2.Shop"/>
</testsuite> <!-- Hybrent3_6_0rc2.Shop -->
