<?xml version="1.0" encoding="UTF-8"?>
<!-- Generated by org.testng.reporters.JUnitReportReporter -->
<testsuite hostname="DESKTOP-9JTRJBE" name="Hybrent3_9_0rc3.ScanIn" tests="3" failures="0" timestamp="25 Apr 2022 07:10:49 GMT" time="68.524" errors="0">
  <testcase name="Verify_ScanInButtonTap" time="17.081" classname="Hybrent3_9_0rc3.ScanIn"/>
  <testcase name="Verify_Complete_ScanIn" time="27.636" classname="Hybrent3_9_0rc3.ScanIn"/>
  <testcase name="VerifyAddItem_ScanIn" time="23.807" classname="Hybrent3_9_0rc3.ScanIn"/>
</testsuite> <!-- Hybrent3_9_0rc3.ScanIn -->
