<?xml version="1.0" encoding="UTF-8"?>
<!-- Generated by org.testng.reporters.JUnitReportReporter -->
<testsuite hostname="DESKTOP-9JTRJBE" name="Hybrent3_8_0rc4.ScanOut" tests="3" failures="0" timestamp="1 Feb 2022 11:46:55 GMT" time="77.014" errors="0">
  <testcase name="Verify_Complete_ScanOut" time="54.700" classname="Hybrent3_8_0rc4.ScanOut"/>
  <testcase name="Verify_AddItemScanOut" time="10.410" classname="Hybrent3_8_0rc4.ScanOut"/>
  <testcase name="Verify_ScanOutButtonTap" time="11.904" classname="Hybrent3_8_0rc4.ScanOut"/>
</testsuite> <!-- Hybrent3_8_0rc4.ScanOut -->
