<?xml version="1.0" encoding="UTF-8"?>
<!-- Generated by org.testng.reporters.JUnitReportReporter -->
<testsuite hostname="DESKTOP-9JTRJBE" name="Hybrent3_6_0rc2.Inventory_Transfer" tests="3" failures="0" timestamp="11 Jun 2021 11:33:06 GMT" time="43.177" errors="0">
  <testcase name="VerifyInventoryTransferButtonTap" time="16.013" classname="Hybrent3_6_0rc2.Inventory_Transfer"/>
  <testcase name="VerifyCompleteInventoryTransfer" time="4.265" classname="Hybrent3_6_0rc2.Inventory_Transfer"/>
  <testcase name="VerifyAddItemTransfer" time="22.899" classname="Hybrent3_6_0rc2.Inventory_Transfer"/>
</testsuite> <!-- Hybrent3_6_0rc2.Inventory_Transfer -->
