<?xml version="1.0" encoding="UTF-8"?>
<!-- Generated by org.testng.reporters.JUnitReportReporter -->
<testsuite hostname="DESKTOP-9JTRJBE" name="Hybrent3_8_1rc2.ScanIn" tests="3" failures="0" timestamp="9 Mar 2022 11:47:26 GMT" time="64.927" errors="0">
  <testcase name="Verify_ScanInButtonTap" time="17.251" classname="Hybrent3_8_1rc2.ScanIn"/>
  <testcase name="Verify_Complete_ScanIn" time="23.519" classname="Hybrent3_8_1rc2.ScanIn"/>
  <testcase name="VerifyAddItem_ScanIn" time="24.157" classname="Hybrent3_8_1rc2.ScanIn"/>
</testsuite> <!-- Hybrent3_8_1rc2.ScanIn -->
