<?xml version="1.0" encoding="UTF-8"?>
<!-- Generated by org.testng.reporters.JUnitReportReporter -->
<testsuite hostname="DESKTOP-9JTRJBE" name="Hybrent3_5_2.Login" tests="1" failures="0" timestamp="17 Mar 2021 07:31:47 GMT" time="7.730" errors="0">
  <testcase name="Login_Hybrent1" time="7.730" classname="Hybrent3_5_2.Login"/>
</testsuite> <!-- Hybrent3_5_2.Login -->
