<?xml version="1.0" encoding="UTF-8"?>
<!-- Generated by org.testng.reporters.JUnitReportReporter -->
<testsuite hostname="DESKTOP-9JTRJBE" name="Hybrent3_8_0rc4.Logout" tests="2" failures="0" timestamp="1 Feb 2022 11:46:55 GMT" time="44.399" errors="0">
  <testcase name="VerifyLogoutButtonTap" time="44.170" classname="Hybrent3_8_0rc4.Logout"/>
  <testcase name="VerifyLogout" time="0.229" classname="Hybrent3_8_0rc4.Logout"/>
</testsuite> <!-- Hybrent3_8_0rc4.Logout -->
