<?xml version="1.0" encoding="UTF-8"?>
<!-- Generated by org.testng.reporters.JUnitReportReporter -->
<testsuite hostname="DESKTOP-9JTRJBE" name="Hybrent3_8_1rc1.NewsAndEvents" tests="2" failures="0" timestamp="9 Mar 2022 07:42:21 GMT" time="55.033" errors="0">
  <testcase name="VerifyNewsDescriptionScreen" time="8.044" classname="Hybrent3_8_1rc1.NewsAndEvents"/>
  <testcase name="VerifyNewsAndEventsButtonTap" time="46.989" classname="Hybrent3_8_1rc1.NewsAndEvents"/>
</testsuite> <!-- Hybrent3_8_1rc1.NewsAndEvents -->
