<?xml version="1.0" encoding="UTF-8"?>
<!-- Generated by org.testng.reporters.JUnitReportReporter -->
<testsuite hostname="DESKTOP-9JTRJBE" name="Hybrent3_8_1rc1.Shop" tests="2" failures="0" timestamp="9 Mar 2022 07:42:21 GMT" time="30.371" errors="0">
  <testcase name="Verify_ItemAddToCart" time="11.202" classname="Hybrent3_8_1rc1.Shop"/>
  <testcase name="Verify_Shop" time="19.169" classname="Hybrent3_8_1rc1.Shop"/>
</testsuite> <!-- Hybrent3_8_1rc1.Shop -->
