<?xml version="1.0" encoding="UTF-8"?>
<!-- Generated by org.testng.reporters.JUnitReportReporter -->
<testsuite hostname="DESKTOP-9JTRJBE" name="Hybrent3_9_0rc2.Shipment" tests="3" failures="0" timestamp="7 Apr 2022 05:09:11 GMT" time="49.788" errors="0">
  <testcase name="VerifyShipmentDeatailPage" time="2.147" classname="Hybrent3_9_0rc2.Shipment"/>
  <testcase name="VerifyShipmentButtonTap" time="18.751" classname="Hybrent3_9_0rc2.Shipment"/>
  <testcase name="ReceiveShipment" time="28.890" classname="Hybrent3_9_0rc2.Shipment"/>
</testsuite> <!-- Hybrent3_9_0rc2.Shipment -->
