<?xml version="1.0" encoding="UTF-8"?>
<!-- Generated by org.testng.reporters.JUnitReportReporter -->
<testsuite hostname="DESKTOP-9JTRJBE" name="Hybrent3_6_0.BillAndReplace" tests="5" failures="0" timestamp="19 May 2021 04:09:54 GMT" time="121.927" errors="0">
  <testcase name="Generate_BillAndReplace_PO" time="5.509" classname="Hybrent3_6_0.BillAndReplace"/>
  <testcase name="VerifyAddItem_BillAndReplace" time="13.754" classname="Hybrent3_6_0.BillAndReplace"/>
  <testcase name="Verify_BillAndReplace_PO" time="24.904" classname="Hybrent3_6_0.BillAndReplace"/>
  <testcase name="VerifyTap_BillAndReplace" time="25.817" classname="Hybrent3_6_0.BillAndReplace"/>
  <testcase name="Recieve_BillAndReplace_PO" time="51.943" classname="Hybrent3_6_0.BillAndReplace"/>
</testsuite> <!-- Hybrent3_6_0.BillAndReplace -->
