<?xml version="1.0" encoding="UTF-8"?>
<!-- Generated by org.testng.reporters.JUnitReportReporter -->
<testsuite hostname="DESKTOP-9JTRJBE" name="Hybrent3_9_0rc1.Inventory_Transfer" tests="3" failures="0" timestamp="31 Mar 2022 13:13:35 GMT" time="49.108" errors="0">
  <testcase name="VerifyCompleteInventoryTransfer" time="4.867" classname="Hybrent3_9_0rc1.Inventory_Transfer"/>
  <testcase name="VerifyAddItemTransfer" time="28.024" classname="Hybrent3_9_0rc1.Inventory_Transfer"/>
  <testcase name="VerifyInventoryTransferButtonTap" time="16.217" classname="Hybrent3_9_0rc1.Inventory_Transfer"/>
</testsuite> <!-- Hybrent3_9_0rc1.Inventory_Transfer -->
