<?xml version="1.0" encoding="UTF-8"?>
<!-- Generated by org.testng.reporters.JUnitReportReporter -->
<testsuite hostname="DESKTOP-9JTRJBE" name="Hybrent3_5_2.Templates" tests="3" failures="0" timestamp="17 Mar 2021 07:31:47 GMT" time="96.154" errors="0">
  <testcase name="Scan_Out_Template" time="45.939" classname="Hybrent3_5_2.Templates"/>
  <testcase name="Kit_Template" time="25.460" classname="Hybrent3_5_2.Templates"/>
  <testcase name="Order_Template" time="24.755" classname="Hybrent3_5_2.Templates"/>
</testsuite> <!-- Hybrent3_5_2.Templates -->
