<?xml version="1.0" encoding="UTF-8"?>
<!-- Generated by org.testng.reporters.JUnitReportReporter -->
<testsuite hostname="DESKTOP-9JTRJBE" name="Hybrent3_6_0.ScanIn" tests="3" failures="0" timestamp="19 May 2021 04:09:54 GMT" time="57.711" errors="0">
  <testcase name="Verify_ScanIn" time="22.191" classname="Hybrent3_6_0.ScanIn"/>
  <testcase name="Verify_ScanInButtonTap" time="9.547" classname="Hybrent3_6_0.ScanIn"/>
  <testcase name="VerifyAddItem_ScanIn" time="25.973" classname="Hybrent3_6_0.ScanIn"/>
</testsuite> <!-- Hybrent3_6_0.ScanIn -->
