<?xml version="1.0" encoding="UTF-8"?>
<!-- Generated by org.testng.reporters.JUnitReportReporter -->
<testsuite hostname="DESKTOP-9JTRJBE" name="Hybrent3_8_0rc4.Templates" tests="9" failures="0" timestamp="1 Feb 2022 11:46:55 GMT" time="217.541" errors="0">
  <testcase name="Verify_OrderTemplateDetailPage" time="10.051" classname="Hybrent3_8_0rc4.Templates"/>
  <testcase name="Make_Order" time="12.721" classname="Hybrent3_8_0rc4.Templates"/>
  <testcase name="Verify_ScanOut" time="65.467" classname="Hybrent3_8_0rc4.Templates"/>
  <testcase name="Make_Kit" time="15.552" classname="Hybrent3_8_0rc4.Templates"/>
  <testcase name="Verify_ScanOutTemplate" time="23.599" classname="Hybrent3_8_0rc4.Templates"/>
  <testcase name="Verify_ScanOutTemplateDetailPage" time="9.368" classname="Hybrent3_8_0rc4.Templates"/>
  <testcase name="Verify_OrderTemplate" time="45.745" classname="Hybrent3_8_0rc4.Templates"/>
  <testcase name="Verify_KitTemplateDetailPage" time="18.995" classname="Hybrent3_8_0rc4.Templates"/>
  <testcase name="Verify_KitTemplate" time="16.043" classname="Hybrent3_8_0rc4.Templates"/>
</testsuite> <!-- Hybrent3_8_0rc4.Templates -->
