<?xml version="1.0" encoding="UTF-8"?>
<!-- Generated by org.testng.reporters.JUnitReportReporter -->
<testsuite hostname="DESKTOP-9JTRJBE" name="Hybrent3_6_0.Login" tests="6" failures="0" timestamp="19 May 2021 04:09:54 GMT" time="40.310" errors="0">
  <testcase name="VerifyWithInvalidSiteNameEnter" time="6.169" classname="Hybrent3_6_0.Login"/>
  <testcase name="VerifyWithBlankSiteNameEnter" time="10.030" classname="Hybrent3_6_0.Login"/>
  <testcase name="LoginWithInvalidCrednetials" time="7.729" classname="Hybrent3_6_0.Login"/>
  <testcase name="VerifyWithValidSiteNameEnter" time="5.791" classname="Hybrent3_6_0.Login"/>
  <testcase name="LoginWithBlankCrednetials" time="8.977" classname="Hybrent3_6_0.Login"/>
  <testcase name="LoginWithValidCrednetials" time="1.614" classname="Hybrent3_6_0.Login"/>
</testsuite> <!-- Hybrent3_6_0.Login -->
