<?xml version="1.0" encoding="UTF-8"?>
<!-- Generated by org.testng.reporters.JUnitReportReporter -->
<testsuite hostname="DESKTOP-9JTRJBE" name="Hybrent3_8_1rc1.ScanOut" tests="3" failures="0" timestamp="9 Mar 2022 07:42:21 GMT" time="121.931" errors="0">
  <testcase name="Verify_AddItemScanOut" time="10.503" classname="Hybrent3_8_1rc1.ScanOut"/>
  <testcase name="Verify_ScanOutButtonTap" time="26.742" classname="Hybrent3_8_1rc1.ScanOut"/>
  <testcase name="Verify_Complete_ScanOut" time="84.686" classname="Hybrent3_8_1rc1.ScanOut"/>
</testsuite> <!-- Hybrent3_8_1rc1.ScanOut -->
