<?xml version="1.0" encoding="UTF-8"?>
<!-- Generated by org.testng.reporters.JUnitReportReporter -->
<testsuite hostname="DESKTOP-9JTRJBE" name="Hybrent3_8_0rc4.Shop" tests="2" failures="0" timestamp="1 Feb 2022 11:46:55 GMT" time="35.230" errors="0">
  <testcase name="Verify_ItemAddToCart" time="12.905" classname="Hybrent3_8_0rc4.Shop"/>
  <testcase name="Verify_Shop" time="22.325" classname="Hybrent3_8_0rc4.Shop"/>
</testsuite> <!-- Hybrent3_8_0rc4.Shop -->
