<?xml version="1.0" encoding="UTF-8"?>
<!-- Generated by org.testng.reporters.JUnitReportReporter -->
<testsuite hostname="DESKTOP-9JTRJBE" name="Hybrent3_6_0.Cart" tests="3" failures="0" timestamp="19 May 2021 04:09:54 GMT" time="42.889" errors="0">
  <testcase name="Verify_ADDItemsFromCart" time="32.362" classname="Hybrent3_6_0.Cart"/>
  <testcase name="Create_Order" time="9.712" classname="Hybrent3_6_0.Cart"/>
  <testcase name="Verify_Cart" time="0.815" classname="Hybrent3_6_0.Cart"/>
</testsuite> <!-- Hybrent3_6_0.Cart -->
