<?xml version="1.0" encoding="UTF-8"?>
<!-- Generated by org.testng.reporters.JUnitReportReporter -->
<testsuite hostname="DESKTOP-9JTRJBE" name="Hybrent3_8_1rc2.BillAndReplace" tests="5" failures="0" timestamp="9 Mar 2022 11:47:26 GMT" time="143.246" errors="0">
  <testcase name="Generate_BillAndReplace_PO" time="19.473" classname="Hybrent3_8_1rc2.BillAndReplace"/>
  <testcase name="VerifyTap_BillAndReplace" time="28.611" classname="Hybrent3_8_1rc2.BillAndReplace"/>
  <testcase name="Verify_BillAndReplace_PO" time="21.269" classname="Hybrent3_8_1rc2.BillAndReplace"/>
  <testcase name="VerifyAddItem_BillAndReplace" time="12.262" classname="Hybrent3_8_1rc2.BillAndReplace"/>
  <testcase name="Recieve_BillAndReplace_PO" time="61.631" classname="Hybrent3_8_1rc2.BillAndReplace"/>
</testsuite> <!-- Hybrent3_8_1rc2.BillAndReplace -->
