<?xml version="1.0" encoding="UTF-8"?>
<!-- Generated by org.testng.reporters.JUnitReportReporter -->
<testsuite hostname="DESKTOP-9JTRJBE" name="Hybrent3_9_0rc2.Charge_Resident" tests="3" failures="0" timestamp="7 Apr 2022 05:09:11 GMT" time="132.992" errors="0">
  <testcase name="VerifyChargeResidentButtonTap" time="22.789" classname="Hybrent3_9_0rc2.Charge_Resident"/>
  <testcase name="VerifyCompleteChargeResident" time="67.602" classname="Hybrent3_9_0rc2.Charge_Resident"/>
  <testcase name="VerifyAddItemChargeResident" time="42.601" classname="Hybrent3_9_0rc2.Charge_Resident"/>
</testsuite> <!-- Hybrent3_9_0rc2.Charge_Resident -->
