<?xml version="1.0" encoding="UTF-8"?>
<!-- Generated by org.testng.reporters.JUnitReportReporter -->
<testsuite hostname="DESKTOP-9JTRJBE" name="Hybrent3_9_0rc1.BillAndReplace" tests="5" failures="0" timestamp="31 Mar 2022 13:13:35 GMT" time="233.474" errors="0">
  <testcase name="Recieve_BillAndReplace_PO" time="60.871" classname="Hybrent3_9_0rc1.BillAndReplace"/>
  <testcase name="VerifyTap_BillAndReplace" time="121.422" classname="Hybrent3_9_0rc1.BillAndReplace"/>
  <testcase name="Verify_BillAndReplace_PO" time="21.586" classname="Hybrent3_9_0rc1.BillAndReplace"/>
  <testcase name="VerifyAddItem_BillAndReplace" time="11.625" classname="Hybrent3_9_0rc1.BillAndReplace"/>
  <testcase name="Generate_BillAndReplace_PO" time="17.970" classname="Hybrent3_9_0rc1.BillAndReplace"/>
</testsuite> <!-- Hybrent3_9_0rc1.BillAndReplace -->
