<?xml version="1.0" encoding="UTF-8"?>
<!-- Generated by org.testng.reporters.JUnitReportReporter -->
<testsuite hostname="DESKTOP-9JTRJBE" name="Hybrent3_8_0rc4.Cycle_Count" tests="3" failures="0" timestamp="1 Feb 2022 11:46:55 GMT" time="204.233" errors="0">
  <testcase name="VerifyIntiateCycleCount" time="142.303" classname="Hybrent3_8_0rc4.Cycle_Count"/>
  <testcase name="VerifyCycleCountButtonTap" time="48.134" classname="Hybrent3_8_0rc4.Cycle_Count"/>
  <testcase name="Verify_CycleCount" time="13.796" classname="Hybrent3_8_0rc4.Cycle_Count"/>
</testsuite> <!-- Hybrent3_8_0rc4.Cycle_Count -->
