<?xml version="1.0" encoding="UTF-8"?>
<!-- Generated by org.testng.reporters.JUnitReportReporter -->
<testsuite hostname="DESKTOP-9JTRJBE" name="Hybrent3_9_0rc3.BillOnly" tests="3" failures="0" timestamp="25 Apr 2022 07:10:49 GMT" time="162.314" errors="0">
  <testcase name="VerifyAddNewItemBillOnly" time="29.737" classname="Hybrent3_9_0rc3.BillOnly"/>
  <testcase name="GenerateOrderBillOnly" time="69.456" classname="Hybrent3_9_0rc3.BillOnly"/>
  <testcase name="VerifyBillOnlyButtonTap" time="63.121" classname="Hybrent3_9_0rc3.BillOnly"/>
</testsuite> <!-- Hybrent3_9_0rc3.BillOnly -->
