<?xml version="1.0" encoding="UTF-8"?>
<!-- Generated by org.testng.reporters.JUnitReportReporter -->
<testsuite hostname="DESKTOP-9JTRJBE" name="Hybrent3_7_0rc3.Orders" tests="1" failures="0" timestamp="19 Aug 2021 13:00:52 GMT" time="26.073" errors="0">
  <testcase name="Verify_Order" time="26.073" classname="Hybrent3_7_0rc3.Orders"/>
</testsuite> <!-- Hybrent3_7_0rc3.Orders -->
