<?xml version="1.0" encoding="UTF-8"?>
<!-- Generated by org.testng.reporters.JUnitReportReporter -->
<testsuite hostname="DESKTOP-9JTRJBE" name="Hybrent3_7_0rc3.Templates" tests="9" failures="0" timestamp="19 Aug 2021 13:00:52 GMT" time="237.378" errors="0">
  <testcase name="Verify_ScanOutTemplate" time="5.496" classname="Hybrent3_7_0rc3.Templates"/>
  <testcase name="Make_Order" time="8.865" classname="Hybrent3_7_0rc3.Templates"/>
  <testcase name="Verify_ScanOutTemplateDetailPage" time="37.649" classname="Hybrent3_7_0rc3.Templates"/>
  <testcase name="Verify_OrderTemplate" time="107.152" classname="Hybrent3_7_0rc3.Templates"/>
  <testcase name="Make_Kit" time="15.636" classname="Hybrent3_7_0rc3.Templates"/>
  <testcase name="Verify_ScanOut" time="35.153" classname="Hybrent3_7_0rc3.Templates"/>
  <testcase name="Verify_KitTemplateDetailPage" time="14.559" classname="Hybrent3_7_0rc3.Templates"/>
  <testcase name="Verify_KitTemplate" time="0.571" classname="Hybrent3_7_0rc3.Templates"/>
  <testcase name="Verify_OrderTemplateDetailPage" time="12.297" classname="Hybrent3_7_0rc3.Templates"/>
</testsuite> <!-- Hybrent3_7_0rc3.Templates -->
