<?xml version="1.0" encoding="UTF-8"?>
<!-- Generated by org.testng.reporters.JUnitReportReporter -->
<testsuite hostname="DESKTOP-9JTRJBE" name="Hybrent3_7_0rc2.Login" tests="6" failures="0" timestamp="28 Jul 2021 12:00:09 GMT" time="51.909" errors="0">
  <testcase name="VerifyWithInvalidSiteNameEnter" time="6.341" classname="Hybrent3_7_0rc2.Login"/>
  <testcase name="VerifyWithValidSiteNameEnter" time="6.701" classname="Hybrent3_7_0rc2.Login"/>
  <testcase name="VerifyWithBlankSiteNameEnter" time="8.096" classname="Hybrent3_7_0rc2.Login"/>
  <testcase name="LoginWithBlankCrednetials" time="9.372" classname="Hybrent3_7_0rc2.Login"/>
  <testcase name="LoginWithValidCrednetials" time="13.104" classname="Hybrent3_7_0rc2.Login"/>
  <testcase name="LoginWithInvalidCrednetials" time="8.295" classname="Hybrent3_7_0rc2.Login"/>
</testsuite> <!-- Hybrent3_7_0rc2.Login -->
