<?xml version="1.0" encoding="UTF-8"?>
<!-- Generated by org.testng.reporters.JUnitReportReporter -->
<testsuite hostname="DESKTOP-9JTRJBE" name="Hybrent3_9_0rc3.Charge_Resident" tests="3" failures="0" timestamp="25 Apr 2022 07:10:49 GMT" time="102.778" errors="0">
  <testcase name="VerifyChargeResidentButtonTap" time="22.160" classname="Hybrent3_9_0rc3.Charge_Resident"/>
  <testcase name="VerifyCompleteChargeResident" time="37.705" classname="Hybrent3_9_0rc3.Charge_Resident"/>
  <testcase name="VerifyAddItemChargeResident" time="42.913" classname="Hybrent3_9_0rc3.Charge_Resident"/>
</testsuite> <!-- Hybrent3_9_0rc3.Charge_Resident -->
