<?xml version="1.0" encoding="UTF-8"?>
<!-- Generated by org.testng.reporters.JUnitReportReporter -->
<testsuite hostname="DESKTOP-9JTRJBE" name="Hybrent.Orders" tests="5" failures="0" timestamp="14 Aug 2020 12:59:45 GMT" time="114.926" errors="0">
  <testcase name="Create_Order" time="12.554" classname="Hybrent.Orders"/>
  <testcase name="Verify_Order" time="15.926" classname="Hybrent.Orders"/>
  <testcase name="Recieve_Order" time="61.288" classname="Hybrent.Orders"/>
  <testcase name="Item_added_in_cart" time="1.915" classname="Hybrent.Orders"/>
  <testcase name="Verify_Shop" time="23.243" classname="Hybrent.Orders"/>
</testsuite> <!-- Hybrent.Orders -->
