<?xml version="1.0" encoding="UTF-8"?>
<!-- Generated by org.testng.reporters.JUnitReportReporter -->
<testsuite hostname="DESKTOP-9JTRJBE" name="Hybrent3_8_1rc2.Receive_Orders" tests="3" failures="0" timestamp="9 Mar 2022 11:47:26 GMT" time="75.749" errors="0">
  <testcase name="VerifyTap_ReceiveOrder" time="42.601" classname="Hybrent3_8_1rc2.Receive_Orders"/>
  <testcase name="VerifySearch_Order" time="5.551" classname="Hybrent3_8_1rc2.Receive_Orders"/>
  <testcase name="Verify_ReceiveOrder" time="27.597" classname="Hybrent3_8_1rc2.Receive_Orders"/>
</testsuite> <!-- Hybrent3_8_1rc2.Receive_Orders -->
