<?xml version="1.0" encoding="UTF-8"?>
<!-- Generated by org.testng.reporters.JUnitReportReporter -->
<testsuite hostname="DESKTOP-9JTRJBE" name="Hybrent.Inventory_Transfer" tests="1" failures="0" timestamp="14 Aug 2020 12:59:45 GMT" time="52.609" errors="0">
  <testcase name="InventoryTransfer" time="52.609" classname="Hybrent.Inventory_Transfer"/>
</testsuite> <!-- Hybrent.Inventory_Transfer -->
