<?xml version="1.0" encoding="UTF-8"?>
<!-- Generated by org.testng.reporters.JUnitReportReporter -->
<testsuite hostname="DESKTOP-9JTRJBE" name="Hybrent3_9_0rc2.Orders" tests="1" failures="0" timestamp="7 Apr 2022 05:09:11 GMT" time="19.453" errors="0">
  <testcase name="Verify_Order" time="19.453" classname="Hybrent3_9_0rc2.Orders"/>
</testsuite> <!-- Hybrent3_9_0rc2.Orders -->
