<?xml version="1.0" encoding="UTF-8"?>
<!-- Generated by org.testng.reporters.JUnitReportReporter -->
<testsuite hostname="DESKTOP-9JTRJBE" name="Hybrent3_8_1rc2.Login" tests="6" failures="0" timestamp="9 Mar 2022 11:47:26 GMT" time="57.840" errors="0">
  <testcase name="VerifyWithInvalidSiteNameEnter" time="6.394" classname="Hybrent3_8_1rc2.Login"/>
  <testcase name="VerifyWithBlankSiteNameEnter" time="8.644" classname="Hybrent3_8_1rc2.Login"/>
  <testcase name="LoginWithBlankCrednetials" time="9.391" classname="Hybrent3_8_1rc2.Login"/>
  <testcase name="LoginWithValidCrednetials" time="18.519" classname="Hybrent3_8_1rc2.Login"/>
  <testcase name="LoginWithInvalidCrednetials" time="8.174" classname="Hybrent3_8_1rc2.Login"/>
  <testcase name="VerifyWithValidSiteNameEnter" time="6.718" classname="Hybrent3_8_1rc2.Login"/>
</testsuite> <!-- Hybrent3_8_1rc2.Login -->
