<?xml version="1.0" encoding="UTF-8"?>
<!-- Generated by org.testng.reporters.JUnitReportReporter -->
<testsuite hostname="DESKTOP-9JTRJBE" name="Hybrent3_6_0rc2.BillOnly" tests="3" failures="0" timestamp="11 Jun 2021 11:33:06 GMT" time="136.049" errors="0">
  <testcase name="GenerateOrderBillOnly" time="50.413" classname="Hybrent3_6_0rc2.BillOnly"/>
  <testcase name="VerifyAddNewItemBillOnly" time="23.779" classname="Hybrent3_6_0rc2.BillOnly"/>
  <testcase name="VerifyBillOnlyButtonTap" time="61.857" classname="Hybrent3_6_0rc2.BillOnly"/>
</testsuite> <!-- Hybrent3_6_0rc2.BillOnly -->
