<?xml version="1.0" encoding="UTF-8"?>
<!-- Generated by org.testng.reporters.JUnitReportReporter -->
<testsuite hostname="DESKTOP-9JTRJBE" name="Hybrent3_6_0rc2.Login" tests="6" failures="0" timestamp="11 Jun 2021 11:33:06 GMT" time="48.645" errors="0">
  <testcase name="LoginWithInvalidCrednetials" time="8.077" classname="Hybrent3_6_0rc2.Login"/>
  <testcase name="LoginWithBlankCrednetials" time="8.468" classname="Hybrent3_6_0rc2.Login"/>
  <testcase name="VerifyWithInvalidSiteNameEnter" time="6.295" classname="Hybrent3_6_0rc2.Login"/>
  <testcase name="VerifyWithBlankSiteNameEnter" time="8.225" classname="Hybrent3_6_0rc2.Login"/>
  <testcase name="VerifyWithValidSiteNameEnter" time="8.173" classname="Hybrent3_6_0rc2.Login"/>
  <testcase name="LoginWithValidCrednetials" time="9.407" classname="Hybrent3_6_0rc2.Login"/>
</testsuite> <!-- Hybrent3_6_0rc2.Login -->
