<?xml version="1.0" encoding="UTF-8"?>
<!-- Generated by org.testng.reporters.JUnitReportReporter -->
<testsuite hostname="DESKTOP-9JTRJBE" name="Hybrent3_9_0rc1.Inventory_Receive" tests="3" failures="0" timestamp="31 Mar 2022 13:13:35 GMT" time="99.690" errors="0">
  <testcase name="CreateVendorSignature" time="31.292" classname="Hybrent3_9_0rc1.Inventory_Receive"/>
  <testcase name="VerifyCompleteInventoryRecieve" time="19.793" classname="Hybrent3_9_0rc1.Inventory_Receive"/>
  <testcase name="VerifyInventoryRecieveButtonTap" time="48.605" classname="Hybrent3_9_0rc1.Inventory_Receive"/>
</testsuite> <!-- Hybrent3_9_0rc1.Inventory_Receive -->
