<?xml version="1.0" encoding="UTF-8"?>
<!-- Generated by org.testng.reporters.JUnitReportReporter -->
<testsuite hostname="DESKTOP-9JTRJBE" name="Hybrent3_9_0rc3.Receive_Orders" tests="3" failures="0" timestamp="25 Apr 2022 07:10:50 GMT" time="75.448" errors="0">
  <testcase name="Verify_ReceiveOrder" time="26.937" classname="Hybrent3_9_0rc3.Receive_Orders"/>
  <testcase name="VerifyTap_ReceiveOrder" time="42.875" classname="Hybrent3_9_0rc3.Receive_Orders"/>
  <testcase name="VerifySearch_Order" time="5.636" classname="Hybrent3_9_0rc3.Receive_Orders"/>
</testsuite> <!-- Hybrent3_9_0rc3.Receive_Orders -->
