<?xml version="1.0" encoding="UTF-8"?>
<!-- Generated by org.testng.reporters.JUnitReportReporter -->
<testsuite hostname="DESKTOP-9JTRJBE" name="Hybrent3_9_0rc2.Logout" tests="2" failures="0" timestamp="7 Apr 2022 05:09:11 GMT" time="44.576" errors="0">
  <testcase name="VerifyLogout" time="0.282" classname="Hybrent3_9_0rc2.Logout"/>
  <testcase name="VerifyLogoutButtonTap" time="44.294" classname="Hybrent3_9_0rc2.Logout"/>
</testsuite> <!-- Hybrent3_9_0rc2.Logout -->
