<?xml version="1.0" encoding="UTF-8"?>
<!-- Generated by org.testng.reporters.JUnitReportReporter -->
<testsuite hostname="DESKTOP-9JTRJBE" name="Hybrent3_7_0rc3.BillOnly" tests="3" failures="0" timestamp="19 Aug 2021 13:00:52 GMT" time="161.176" errors="0">
  <testcase name="VerifyBillOnlyButtonTap" time="60.213" classname="Hybrent3_7_0rc3.BillOnly"/>
  <testcase name="GenerateOrderBillOnly" time="67.640" classname="Hybrent3_7_0rc3.BillOnly"/>
  <testcase name="VerifyAddNewItemBillOnly" time="33.323" classname="Hybrent3_7_0rc3.BillOnly"/>
</testsuite> <!-- Hybrent3_7_0rc3.BillOnly -->
