<?xml version="1.0" encoding="UTF-8"?>
<!-- Generated by org.testng.reporters.JUnitReportReporter -->
<testsuite hostname="DESKTOP-9JTRJBE" name="Hybrent3_5_0.BillAndReplace" tests="4" failures="0" timestamp="7 Jan 2021 14:24:10 GMT" time="185.589" errors="0">
  <testcase name="Recieve_Order" time="46.933" classname="Hybrent3_5_0.BillAndReplace"/>
  <testcase name="Verify_Order" time="35.157" classname="Hybrent3_5_0.BillAndReplace"/>
  <testcase name="Bill_nd_Replace" time="97.592" classname="Hybrent3_5_0.BillAndReplace"/>
  <testcase name="Generate_po" time="5.907" classname="Hybrent3_5_0.BillAndReplace"/>
</testsuite> <!-- Hybrent3_5_0.BillAndReplace -->
