<?xml version="1.0" encoding="UTF-8"?>
<!-- Generated by org.testng.reporters.JUnitReportReporter -->
<testsuite hostname="DESKTOP-9JTRJBE" name="Hybrent3_4_0.Invoice" tests="1" failures="0" timestamp="21 Oct 2020 13:49:04 GMT" time="24.699" errors="0">
  <testcase name="invoice" time="24.699" classname="Hybrent3_4_0.Invoice"/>
</testsuite> <!-- Hybrent3_4_0.Invoice -->
