<?xml version="1.0" encoding="UTF-8"?>
<!-- Generated by org.testng.reporters.JUnitReportReporter -->
<testsuite hostname="DESKTOP-9JTRJBE" name="Hybrent3_5_0.Orders" tests="5" failures="0" timestamp="7 Jan 2021 14:24:10 GMT" time="164.349" errors="0">
  <testcase name="Verify_Order" time="52.231" classname="Hybrent3_5_0.Orders"/>
  <testcase name="Recieve_Order" time="67.334" classname="Hybrent3_5_0.Orders"/>
  <testcase name="Create_Order" time="12.764" classname="Hybrent3_5_0.Orders"/>
  <testcase name="Item_added_in_cart" time="1.567" classname="Hybrent3_5_0.Orders"/>
  <testcase name="Verify_Shop" time="30.453" classname="Hybrent3_5_0.Orders"/>
</testsuite> <!-- Hybrent3_5_0.Orders -->
