<?xml version="1.0" encoding="UTF-8"?>
<!-- Generated by org.testng.reporters.JUnitReportReporter -->
<testsuite hostname="DESKTOP-9JTRJBE" name="Hybrent3_9_0rc3.Cycle_Count" tests="3" failures="0" timestamp="25 Apr 2022 07:10:49 GMT" time="174.185" errors="0">
  <testcase name="VerifyCycleCountButtonTap" time="48.507" classname="Hybrent3_9_0rc3.Cycle_Count"/>
  <testcase name="Verify_CycleCount" time="4.842" classname="Hybrent3_9_0rc3.Cycle_Count"/>
  <testcase name="VerifyIntiateCycleCount" time="120.836" classname="Hybrent3_9_0rc3.Cycle_Count"/>
</testsuite> <!-- Hybrent3_9_0rc3.Cycle_Count -->
