<?xml version="1.0" encoding="UTF-8"?>
<!-- Generated by org.testng.reporters.JUnitReportReporter -->
<testsuite hostname="DESKTOP-9JTRJBE" name="Hybrent3_9_0rc2.Invoice" tests="3" failures="0" timestamp="7 Apr 2022 05:09:11 GMT" time="30.294" errors="0">
  <testcase name="VerifyInvoiceDeatilPage" time="4.967" classname="Hybrent3_9_0rc2.Invoice"/>
  <testcase name="VerifyProcessedInvoice" time="14.417" classname="Hybrent3_9_0rc2.Invoice"/>
  <testcase name="VerifyInvoiceButtonTap" time="10.910" classname="Hybrent3_9_0rc2.Invoice"/>
</testsuite> <!-- Hybrent3_9_0rc2.Invoice -->
