<?xml version="1.0" encoding="UTF-8"?>
<!-- Generated by org.testng.reporters.JUnitReportReporter -->
<testsuite hostname="DESKTOP-9JTRJBE" name="Hybrent3_9_0rc2.Cart" tests="3" failures="0" timestamp="7 Apr 2022 05:09:11 GMT" time="74.893" errors="0">
  <testcase name="Create_Order" time="18.103" classname="Hybrent3_9_0rc2.Cart"/>
  <testcase name="Verify_Cart" time="19.033" classname="Hybrent3_9_0rc2.Cart"/>
  <testcase name="Verify_ADDItemsFromCart" time="37.757" classname="Hybrent3_9_0rc2.Cart"/>
</testsuite> <!-- Hybrent3_9_0rc2.Cart -->
