<?xml version="1.0" encoding="UTF-8"?>
<!-- Generated by org.testng.reporters.JUnitReportReporter -->
<testsuite hostname="DESKTOP-9JTRJBE" name="Hybrent3_9_0rc3.Profile" tests="2" failures="0" timestamp="25 Apr 2022 07:10:49 GMT" time="73.573" errors="0">
  <testcase name="VerifyProfileScreen" time="31.339" classname="Hybrent3_9_0rc3.Profile"/>
  <testcase name="VerifyProfileButtonTap" time="42.234" classname="Hybrent3_9_0rc3.Profile"/>
</testsuite> <!-- Hybrent3_9_0rc3.Profile -->
