<?xml version="1.0" encoding="UTF-8"?>
<!-- Generated by org.testng.reporters.JUnitReportReporter -->
<testsuite hostname="DESKTOP-9JTRJBE" name="Hybrent3_5_2.Claim" tests="1" failures="0" timestamp="17 Mar 2021 07:31:47 GMT" time="72.183" errors="0">
  <testcase name="Start_New_Claim" time="72.183" classname="Hybrent3_5_2.Claim"/>
</testsuite> <!-- Hybrent3_5_2.Claim -->
