<?xml version="1.0" encoding="UTF-8"?>
<!-- Generated by org.testng.reporters.JUnitReportReporter -->
<testsuite hostname="DESKTOP-9JTRJBE" name="Hybrent3_8_0rc4.Login" tests="6" failures="0" timestamp="1 Feb 2022 12:59:08 GMT" time="84.212" errors="0">
  <testcase name="VerifyWithInvalidSiteNameEnter" time="7.277" classname="Hybrent3_8_0rc4.Login"/>
  <testcase name="VerifyWithBlankSiteNameEnter" time="9.260" classname="Hybrent3_8_0rc4.Login"/>
  <testcase name="VerifyWithValidSiteNameEnter" time="7.781" classname="Hybrent3_8_0rc4.Login"/>
  <testcase name="LoginWithBlankCrednetials" time="9.614" classname="Hybrent3_8_0rc4.Login"/>
  <testcase name="LoginWithInvalidCrednetials" time="8.601" classname="Hybrent3_8_0rc4.Login"/>
  <testcase name="LoginWithValidCrednetials" time="41.679" classname="Hybrent3_8_0rc4.Login"/>
</testsuite> <!-- Hybrent3_8_0rc4.Login -->
