<?xml version="1.0" encoding="UTF-8"?>
<!-- Generated by org.testng.reporters.JUnitReportReporter -->
<testsuite hostname="DESKTOP-9JTRJBE" name="Hybrent3_9_0rc1.Invoice" tests="3" failures="0" timestamp="31 Mar 2022 13:13:35 GMT" time="39.060" errors="0">
  <testcase name="VerifyInvoiceButtonTap" time="9.986" classname="Hybrent3_9_0rc1.Invoice"/>
  <testcase name="VerifyProcessedInvoice" time="11.734" classname="Hybrent3_9_0rc1.Invoice"/>
  <testcase name="VerifyInvoiceDeatilPage" time="17.340" classname="Hybrent3_9_0rc1.Invoice"/>
</testsuite> <!-- Hybrent3_9_0rc1.Invoice -->
