<?xml version="1.0" encoding="UTF-8"?>
<!-- Generated by org.testng.reporters.JUnitReportReporter -->
<testsuite hostname="DESKTOP-9JTRJBE" name="Hybrent3_5_2.Cycle_Count" tests="2" failures="0" timestamp="17 Mar 2021 07:31:47 GMT" time="106.053" errors="0">
  <testcase name="Start_Cycle_Count" time="101.685" classname="Hybrent3_5_2.Cycle_Count"/>
  <testcase name="Verify_CycleCount" time="4.368" classname="Hybrent3_5_2.Cycle_Count"/>
</testsuite> <!-- Hybrent3_5_2.Cycle_Count -->
