<?xml version="1.0" encoding="UTF-8"?>
<!-- Generated by org.testng.reporters.JUnitReportReporter -->
<testsuite hostname="DESKTOP-9JTRJBE" name="Hybrent3_4_0.Shipment" tests="1" failures="0" timestamp="21 Oct 2020 13:49:04 GMT" time="35.602" errors="0">
  <testcase name="shipment" time="35.602" classname="Hybrent3_4_0.Shipment"/>
</testsuite> <!-- Hybrent3_4_0.Shipment -->
