<?xml version="1.0" encoding="UTF-8"?>
<!-- Generated by org.testng.reporters.JUnitReportReporter -->
<testsuite hostname="DESKTOP-9JTRJBE" name="Hybrent3_9_0rc1.BillOnly" tests="3" failures="0" timestamp="31 Mar 2022 13:13:35 GMT" time="156.937" errors="0">
  <testcase name="VerifyBillOnlyButtonTap" time="58.822" classname="Hybrent3_9_0rc1.BillOnly"/>
  <testcase name="GenerateOrderBillOnly" time="67.515" classname="Hybrent3_9_0rc1.BillOnly"/>
  <testcase name="VerifyAddNewItemBillOnly" time="30.600" classname="Hybrent3_9_0rc1.BillOnly"/>
</testsuite> <!-- Hybrent3_9_0rc1.BillOnly -->
