<?xml version="1.0" encoding="UTF-8"?>
<!-- Generated by org.testng.reporters.JUnitReportReporter -->
<testsuite hostname="DESKTOP-9JTRJBE" name="Hybrent3_5_2.Charge_Resident" tests="1" failures="0" timestamp="17 Mar 2021 07:31:47 GMT" time="34.608" errors="0">
  <testcase name="ChargeResident" time="34.608" classname="Hybrent3_5_2.Charge_Resident"/>
</testsuite> <!-- Hybrent3_5_2.Charge_Resident -->
