<?xml version="1.0" encoding="UTF-8"?>
<!-- Generated by org.testng.reporters.JUnitReportReporter -->
<testsuite hostname="DESKTOP-9JTRJBE" name="Hybrent3_9_0rc2.ScanIn" tests="3" failures="0" timestamp="7 Apr 2022 05:09:11 GMT" time="69.508" errors="0">
  <testcase name="Verify_Complete_ScanIn" time="26.307" classname="Hybrent3_9_0rc2.ScanIn"/>
  <testcase name="VerifyAddItem_ScanIn" time="25.599" classname="Hybrent3_9_0rc2.ScanIn"/>
  <testcase name="Verify_ScanInButtonTap" time="17.602" classname="Hybrent3_9_0rc2.ScanIn"/>
</testsuite> <!-- Hybrent3_9_0rc2.ScanIn -->
