<?xml version="1.0" encoding="UTF-8"?>
<!-- Generated by org.testng.reporters.JUnitReportReporter -->
<testsuite hostname="DESKTOP-9JTRJBE" name="Hybrent3_8_0rc4.Charge_Resident" tests="3" failures="0" timestamp="1 Feb 2022 11:46:55 GMT" time="71.800" errors="0">
  <testcase name="VerifyCompleteChargeResident" time="37.971" classname="Hybrent3_8_0rc4.Charge_Resident"/>
  <testcase name="VerifyAddItemChargeResident" time="11.977" classname="Hybrent3_8_0rc4.Charge_Resident"/>
  <testcase name="VerifyChargeResidentButtonTap" time="21.852" classname="Hybrent3_8_0rc4.Charge_Resident"/>
</testsuite> <!-- Hybrent3_8_0rc4.Charge_Resident -->
