<?xml version="1.0" encoding="UTF-8"?>
<!-- Generated by org.testng.reporters.JUnitReportReporter -->
<testsuite hostname="DESKTOP-9JTRJBE" name="Hybrent3_8_0rc4.BillAndReplace" tests="5" failures="0" timestamp="1 Feb 2022 11:46:55 GMT" time="150.834" errors="0">
  <testcase name="VerifyTap_BillAndReplace" time="28.508" classname="Hybrent3_8_0rc4.BillAndReplace"/>
  <testcase name="Verify_BillAndReplace_PO" time="21.617" classname="Hybrent3_8_0rc4.BillAndReplace"/>
  <testcase name="Generate_BillAndReplace_PO" time="17.881" classname="Hybrent3_8_0rc4.BillAndReplace"/>
  <testcase name="Recieve_BillAndReplace_PO" time="71.156" classname="Hybrent3_8_0rc4.BillAndReplace"/>
  <testcase name="VerifyAddItem_BillAndReplace" time="11.672" classname="Hybrent3_8_0rc4.BillAndReplace"/>
</testsuite> <!-- Hybrent3_8_0rc4.BillAndReplace -->
