<?xml version="1.0" encoding="UTF-8"?>
<!-- Generated by org.testng.reporters.JUnitReportReporter -->
<testsuite hostname="DESKTOP-9JTRJBE" name="Hybrent3_8_1rc1.Profile" tests="2" failures="0" timestamp="9 Mar 2022 07:42:21 GMT" time="11.881" errors="0">
  <testcase name="VerifyProfileScreen" time="0.483" classname="Hybrent3_8_1rc1.Profile"/>
  <testcase name="VerifyProfileButtonTap" time="11.398" classname="Hybrent3_8_1rc1.Profile"/>
</testsuite> <!-- Hybrent3_8_1rc1.Profile -->
