<?xml version="1.0" encoding="UTF-8"?>
<!-- Generated by org.testng.reporters.JUnitReportReporter -->
<testsuite hostname="DESKTOP-9JTRJBE" name="Hybrent3_4_0.Templates" tests="3" failures="0" timestamp="21 Oct 2020 13:49:04 GMT" time="123.128" errors="0">
  <testcase name="Scan_Out_Template" time="47.885" classname="Hybrent3_4_0.Templates"/>
  <testcase name="Kit_Template" time="49.559" classname="Hybrent3_4_0.Templates"/>
  <testcase name="Order_Template" time="25.684" classname="Hybrent3_4_0.Templates"/>
</testsuite> <!-- Hybrent3_4_0.Templates -->
