<?xml version="1.0" encoding="UTF-8"?>
<!-- Generated by org.testng.reporters.JUnitReportReporter -->
<testsuite hostname="DESKTOP-9JTRJBE" name="Hybrent3_7_0rc3.Inventory_Transfer" tests="3" failures="0" timestamp="19 Aug 2021 13:00:52 GMT" time="42.792" errors="0">
  <testcase name="VerifyAddItemTransfer" time="22.243" classname="Hybrent3_7_0rc3.Inventory_Transfer"/>
  <testcase name="VerifyCompleteInventoryTransfer" time="4.583" classname="Hybrent3_7_0rc3.Inventory_Transfer"/>
  <testcase name="VerifyInventoryTransferButtonTap" time="15.966" classname="Hybrent3_7_0rc3.Inventory_Transfer"/>
</testsuite> <!-- Hybrent3_7_0rc3.Inventory_Transfer -->
