<?xml version="1.0" encoding="UTF-8"?>
<!-- Generated by org.testng.reporters.JUnitReportReporter -->
<testsuite hostname="DESKTOP-9JTRJBE" name="Hybrent3_8_0rc4.Receive_Orders" tests="3" failures="0" timestamp="1 Feb 2022 11:46:55 GMT" time="128.429" errors="0">
  <testcase name="VerifySearch_Order" time="32.502" classname="Hybrent3_8_0rc4.Receive_Orders"/>
  <testcase name="Verify_ReceiveOrder" time="53.139" classname="Hybrent3_8_0rc4.Receive_Orders"/>
  <testcase name="VerifyTap_ReceiveOrder" time="42.788" classname="Hybrent3_8_0rc4.Receive_Orders"/>
</testsuite> <!-- Hybrent3_8_0rc4.Receive_Orders -->
