<?xml version="1.0" encoding="UTF-8"?>
<!-- Generated by org.testng.reporters.JUnitReportReporter -->
<testsuite hostname="DESKTOP-9JTRJBE" name="Hybrent3_8_1rc1.Templates" tests="9" failures="0" timestamp="9 Mar 2022 07:42:21 GMT" time="164.143" errors="0">
  <testcase name="Verify_ScanOut" time="33.599" classname="Hybrent3_8_1rc1.Templates"/>
  <testcase name="Verify_ScanOutTemplate" time="23.816" classname="Hybrent3_8_1rc1.Templates"/>
  <testcase name="Verify_OrderTemplateDetailPage" time="10.119" classname="Hybrent3_8_1rc1.Templates"/>
  <testcase name="Verify_KitTemplate" time="0.672" classname="Hybrent3_8_1rc1.Templates"/>
  <testcase name="Verify_KitTemplateDetailPage" time="13.357" classname="Hybrent3_8_1rc1.Templates"/>
  <testcase name="Make_Order" time="12.704" classname="Hybrent3_8_1rc1.Templates"/>
  <testcase name="Make_Kit" time="15.701" classname="Hybrent3_8_1rc1.Templates"/>
  <testcase name="Verify_OrderTemplate" time="45.155" classname="Hybrent3_8_1rc1.Templates"/>
  <testcase name="Verify_ScanOutTemplateDetailPage" time="9.020" classname="Hybrent3_8_1rc1.Templates"/>
</testsuite> <!-- Hybrent3_8_1rc1.Templates -->
