<?xml version="1.0" encoding="UTF-8"?>
<!-- Generated by org.testng.reporters.JUnitReportReporter -->
<testsuite hostname="DESKTOP-9JTRJBE" name="Hybrent3_8_1rc1.Cart" tests="3" failures="0" timestamp="9 Mar 2022 07:42:21 GMT" time="132.321" errors="0">
  <testcase name="Verify_Cart" time="18.668" classname="Hybrent3_8_1rc1.Cart"/>
  <testcase name="Create_Order" time="79.820" classname="Hybrent3_8_1rc1.Cart"/>
  <testcase name="Verify_ADDItemsFromCart" time="33.833" classname="Hybrent3_8_1rc1.Cart"/>
</testsuite> <!-- Hybrent3_8_1rc1.Cart -->
