<?xml version="1.0" encoding="UTF-8"?>
<!-- Generated by org.testng.reporters.JUnitReportReporter -->
<testsuite hostname="DESKTOP-9JTRJBE" name="Hybrent.Shipment" tests="1" failures="0" timestamp="14 Aug 2020 12:59:45 GMT" time="25.759" errors="0">
  <testcase name="shipment" time="25.759" classname="Hybrent.Shipment"/>
</testsuite> <!-- Hybrent.Shipment -->
