<?xml version="1.0" encoding="UTF-8"?>
<!-- Generated by org.testng.reporters.JUnitReportReporter -->
<testsuite hostname="DESKTOP-9JTRJBE" name="Hybrent3_9_0rc2.Inventory_Receive" tests="3" failures="0" timestamp="7 Apr 2022 05:09:11 GMT" time="115.973" errors="0">
  <testcase name="VerifyInventoryRecieveButtonTap" time="50.108" classname="Hybrent3_9_0rc2.Inventory_Receive"/>
  <testcase name="VerifyCompleteInventoryRecieve" time="34.079" classname="Hybrent3_9_0rc2.Inventory_Receive"/>
  <testcase name="CreateVendorSignature" time="31.786" classname="Hybrent3_9_0rc2.Inventory_Receive"/>
</testsuite> <!-- Hybrent3_9_0rc2.Inventory_Receive -->
