<?xml version="1.0" encoding="UTF-8"?>
<!-- Generated by org.testng.reporters.JUnitReportReporter -->
<testsuite hostname="DESKTOP-9JTRJBE" name="Hybrent.ScanOut" tests="1" failures="0" timestamp="14 Aug 2020 12:59:45 GMT" time="51.026" errors="0">
  <testcase name="Scan_out" time="51.026" classname="Hybrent.ScanOut"/>
</testsuite> <!-- Hybrent.ScanOut -->
