<?xml version="1.0" encoding="UTF-8"?>
<!-- Generated by org.testng.reporters.JUnitReportReporter -->
<testsuite hostname="DESKTOP-9JTRJBE" name="Hybrent3_8_1rc1.Orders" tests="1" failures="0" timestamp="9 Mar 2022 07:42:21 GMT" time="18.627" errors="0">
  <testcase name="Verify_Order" time="18.627" classname="Hybrent3_8_1rc1.Orders"/>
</testsuite> <!-- Hybrent3_8_1rc1.Orders -->
