<?xml version="1.0" encoding="UTF-8"?>
<!-- Generated by org.testng.reporters.JUnitReportReporter -->
<testsuite hostname="DESKTOP-9JTRJBE" name="Hybrent3_6_0.Cycle_Count" tests="3" failures="0" timestamp="19 May 2021 04:09:54 GMT" time="103.741" errors="0">
  <testcase name="VerifyCycleCountButtonTap" time="47.738" classname="Hybrent3_6_0.Cycle_Count"/>
  <testcase name="VerifyIntiateCycleCount" time="51.631" classname="Hybrent3_6_0.Cycle_Count"/>
  <testcase name="Verify_CycleCount" time="4.372" classname="Hybrent3_6_0.Cycle_Count"/>
</testsuite> <!-- Hybrent3_6_0.Cycle_Count -->
