<?xml version="1.0" encoding="UTF-8"?>
<!-- Generated by org.testng.reporters.JUnitReportReporter -->
<testsuite hostname="DESKTOP-9JTRJBE" name="Hybrent3_7_0rc3.Login" tests="6" failures="0" timestamp="20 Aug 2021 11:36:17 GMT" time="51.867" errors="0">
  <testcase name="LoginWithBlankCrednetials" time="11.709" classname="Hybrent3_7_0rc3.Login"/>
  <testcase name="VerifyWithBlankSiteNameEnter" time="7.409" classname="Hybrent3_7_0rc3.Login"/>
  <testcase name="LoginWithValidCrednetials" time="11.087" classname="Hybrent3_7_0rc3.Login"/>
  <testcase name="VerifyWithValidSiteNameEnter" time="6.747" classname="Hybrent3_7_0rc3.Login"/>
  <testcase name="LoginWithInvalidCrednetials" time="8.146" classname="Hybrent3_7_0rc3.Login"/>
  <testcase name="VerifyWithInvalidSiteNameEnter" time="6.769" classname="Hybrent3_7_0rc3.Login"/>
</testsuite> <!-- Hybrent3_7_0rc3.Login -->
