<?xml version="1.0" encoding="UTF-8"?>
<!-- Generated by org.testng.reporters.JUnitReportReporter -->
<testsuite hostname="DESKTOP-9JTRJBE" name="Hybrent3_8_1rc1.Inventory_Transfer" tests="3" failures="0" timestamp="9 Mar 2022 07:42:21 GMT" time="49.209" errors="0">
  <testcase name="VerifyCompleteInventoryTransfer" time="4.399" classname="Hybrent3_8_1rc1.Inventory_Transfer"/>
  <testcase name="VerifyInventoryTransferButtonTap" time="16.403" classname="Hybrent3_8_1rc1.Inventory_Transfer"/>
  <testcase name="VerifyAddItemTransfer" time="28.407" classname="Hybrent3_8_1rc1.Inventory_Transfer"/>
</testsuite> <!-- Hybrent3_8_1rc1.Inventory_Transfer -->
