<?xml version="1.0" encoding="UTF-8"?>
<!-- Generated by org.testng.reporters.JUnitReportReporter -->
<testsuite hostname="DESKTOP-9JTRJBE" name="Hybrent3_8_1rc2.Profile" tests="2" failures="0" timestamp="9 Mar 2022 11:47:26 GMT" time="72.427" errors="0">
  <testcase name="VerifyProfileButtonTap" time="41.663" classname="Hybrent3_8_1rc2.Profile"/>
  <testcase name="VerifyProfileScreen" time="30.764" classname="Hybrent3_8_1rc2.Profile"/>
</testsuite> <!-- Hybrent3_8_1rc2.Profile -->
