<?xml version="1.0" encoding="UTF-8"?>
<!-- Generated by org.testng.reporters.JUnitReportReporter -->
<testsuite hostname="DESKTOP-9JTRJBE" name="Hybrent3_9_0rc3.Cart" tests="3" failures="0" timestamp="25 Apr 2022 07:10:49 GMT" time="101.179" errors="0">
  <testcase name="Verify_Cart" time="49.320" classname="Hybrent3_9_0rc3.Cart"/>
  <testcase name="Verify_ADDItemsFromCart" time="33.641" classname="Hybrent3_9_0rc3.Cart"/>
  <testcase name="Create_Order" time="18.218" classname="Hybrent3_9_0rc3.Cart"/>
</testsuite> <!-- Hybrent3_9_0rc3.Cart -->
