<?xml version="1.0" encoding="UTF-8"?>
<!-- Generated by org.testng.reporters.JUnitReportReporter -->
<testsuite hostname="DESKTOP-9JTRJBE" name="Hybrent3_9_0rc1.Templates" tests="9" failures="0" timestamp="31 Mar 2022 13:13:35 GMT" time="167.917" errors="0">
  <testcase name="Verify_KitTemplateDetailPage" time="15.258" classname="Hybrent3_9_0rc1.Templates"/>
  <testcase name="Verify_ScanOut" time="35.187" classname="Hybrent3_9_0rc1.Templates"/>
  <testcase name="Verify_OrderTemplate" time="45.209" classname="Hybrent3_9_0rc1.Templates"/>
  <testcase name="Verify_KitTemplate" time="0.607" classname="Hybrent3_9_0rc1.Templates"/>
  <testcase name="Verify_ScanOutTemplateDetailPage" time="9.736" classname="Hybrent3_9_0rc1.Templates"/>
  <testcase name="Make_Order" time="12.689" classname="Hybrent3_9_0rc1.Templates"/>
  <testcase name="Verify_ScanOutTemplate" time="23.667" classname="Hybrent3_9_0rc1.Templates"/>
  <testcase name="Verify_OrderTemplateDetailPage" time="10.027" classname="Hybrent3_9_0rc1.Templates"/>
  <testcase name="Make_Kit" time="15.537" classname="Hybrent3_9_0rc1.Templates"/>
</testsuite> <!-- Hybrent3_9_0rc1.Templates -->
