<?xml version="1.0" encoding="UTF-8"?>
<!-- Generated by org.testng.reporters.JUnitReportReporter -->
<testsuite hostname="DESKTOP-9JTRJBE" name="Hybrent3_9_0rc2.Cycle_Count" tests="3" failures="0" timestamp="7 Apr 2022 05:09:11 GMT" time="173.407" errors="0">
  <testcase name="VerifyCycleCountButtonTap" time="48.367" classname="Hybrent3_9_0rc2.Cycle_Count"/>
  <testcase name="VerifyIntiateCycleCount" time="120.473" classname="Hybrent3_9_0rc2.Cycle_Count"/>
  <testcase name="Verify_CycleCount" time="4.567" classname="Hybrent3_9_0rc2.Cycle_Count"/>
</testsuite> <!-- Hybrent3_9_0rc2.Cycle_Count -->
