<?xml version="1.0" encoding="UTF-8"?>
<!-- Generated by org.testng.reporters.JUnitReportReporter -->
<testsuite hostname="DESKTOP-9JTRJBE" name="Hybrent3_6_0rc2.BillAndReplace" tests="5" failures="0" timestamp="11 Jun 2021 11:33:06 GMT" time="243.276" errors="0">
  <testcase name="VerifyAddItem_BillAndReplace" time="14.408" classname="Hybrent3_6_0rc2.BillAndReplace"/>
  <testcase name="Verify_BillAndReplace_PO" time="21.498" classname="Hybrent3_6_0rc2.BillAndReplace"/>
  <testcase name="Generate_BillAndReplace_PO" time="19.700" classname="Hybrent3_6_0rc2.BillAndReplace"/>
  <testcase name="Recieve_BillAndReplace_PO" time="156.077" classname="Hybrent3_6_0rc2.BillAndReplace"/>
  <testcase name="VerifyTap_BillAndReplace" time="31.593" classname="Hybrent3_6_0rc2.BillAndReplace"/>
</testsuite> <!-- Hybrent3_6_0rc2.BillAndReplace -->
