<?xml version="1.0" encoding="UTF-8"?>
<!-- Generated by org.testng.reporters.JUnitReportReporter -->
<testsuite hostname="DESKTOP-9JTRJBE" name="Hybrent3_9_0rc1.Cart" tests="3" failures="0" timestamp="31 Mar 2022 13:13:35 GMT" time="70.866" errors="0">
  <testcase name="Verify_Cart" time="18.627" classname="Hybrent3_9_0rc1.Cart"/>
  <testcase name="Create_Order" time="16.683" classname="Hybrent3_9_0rc1.Cart"/>
  <testcase name="Verify_ADDItemsFromCart" time="35.556" classname="Hybrent3_9_0rc1.Cart"/>
</testsuite> <!-- Hybrent3_9_0rc1.Cart -->
