<?xml version="1.0" encoding="UTF-8"?>
<!-- Generated by org.testng.reporters.JUnitReportReporter -->
<testsuite hostname="DESKTOP-9JTRJBE" name="Hybrent3_6_0.Shop" tests="2" failures="0" timestamp="19 May 2021 04:09:54 GMT" time="31.165" errors="0">
  <testcase name="Verify_ItemAddToCart" time="11.014" classname="Hybrent3_6_0.Shop"/>
  <testcase name="Verify_Shop" time="20.151" classname="Hybrent3_6_0.Shop"/>
</testsuite> <!-- Hybrent3_6_0.Shop -->
