<?xml version="1.0" encoding="UTF-8"?>
<!-- Generated by org.testng.reporters.JUnitReportReporter -->
<testsuite hostname="DESKTOP-9JTRJBE" name="Hybrent3_9_0rc1.Profile" tests="2" failures="0" timestamp="31 Mar 2022 13:13:35 GMT" time="73.185" errors="0">
  <testcase name="VerifyProfileButtonTap" time="42.053" classname="Hybrent3_9_0rc1.Profile"/>
  <testcase name="VerifyProfileScreen" time="31.132" classname="Hybrent3_9_0rc1.Profile"/>
</testsuite> <!-- Hybrent3_9_0rc1.Profile -->
