<?xml version="1.0" encoding="UTF-8"?>
<!-- Generated by org.testng.reporters.JUnitReportReporter -->
<testsuite hostname="DESKTOP-9JTRJBE" name="Hybrent3_6_0rc2.Receive_Orders" tests="3" failures="0" timestamp="11 Jun 2021 11:33:06 GMT" time="67.751" errors="0">
  <testcase name="VerifySearch_Order" time="5.847" classname="Hybrent3_6_0rc2.Receive_Orders"/>
  <testcase name="VerifyTap_ReceiveOrder" time="36.456" classname="Hybrent3_6_0rc2.Receive_Orders"/>
  <testcase name="Verify_ReceiveOrder" time="25.448" classname="Hybrent3_6_0rc2.Receive_Orders"/>
</testsuite> <!-- Hybrent3_6_0rc2.Receive_Orders -->
