<?xml version="1.0" encoding="UTF-8"?>
<!-- Generated by org.testng.reporters.JUnitReportReporter -->
<testsuite hostname="DESKTOP-9JTRJBE" name="Hybrent3_5_2.Orders" tests="5" failures="0" timestamp="17 Mar 2021 07:31:47 GMT" time="137.552" errors="0">
  <testcase name="Create_Order" time="12.828" classname="Hybrent3_5_2.Orders"/>
  <testcase name="Verify_Order" time="24.887" classname="Hybrent3_5_2.Orders"/>
  <testcase name="Recieve_Order" time="67.904" classname="Hybrent3_5_2.Orders"/>
  <testcase name="Item_added_in_cart" time="1.310" classname="Hybrent3_5_2.Orders"/>
  <testcase name="Verify_Shop" time="30.623" classname="Hybrent3_5_2.Orders"/>
</testsuite> <!-- Hybrent3_5_2.Orders -->
