<?xml version="1.0" encoding="UTF-8"?>
<!-- Generated by org.testng.reporters.JUnitReportReporter -->
<testsuite hostname="DESKTOP-9JTRJBE" name="Hybrent3_6_0.Receive_Orders" tests="3" failures="0" timestamp="19 May 2021 04:09:54 GMT" time="67.534" errors="0">
  <testcase name="VerifyTap_ReceiveOrder" time="36.382" classname="Hybrent3_6_0.Receive_Orders"/>
  <testcase name="VerifySearch_Order" time="5.363" classname="Hybrent3_6_0.Receive_Orders"/>
  <testcase name="Verify_ReceiveOrder" time="25.789" classname="Hybrent3_6_0.Receive_Orders"/>
</testsuite> <!-- Hybrent3_6_0.Receive_Orders -->
