<?xml version="1.0" encoding="UTF-8"?>
<!-- Generated by org.testng.reporters.JUnitReportReporter -->
<testsuite hostname="DESKTOP-9JTRJBE" name="Hybrent3_5_0.Inventory_Receive" tests="1" failures="0" timestamp="8 Jan 2021 14:10:21 GMT" time="173.295" errors="0">
  <testcase name="InventoryRecieve" time="173.295" classname="Hybrent3_5_0.Inventory_Receive"/>
</testsuite> <!-- Hybrent3_5_0.Inventory_Receive -->
