<?xml version="1.0" encoding="UTF-8"?>
<!-- Generated by org.testng.reporters.JUnitReportReporter -->
<testsuite hostname="DESKTOP-9JTRJBE" name="Hybrent3_9_0rc1.ScanOut" tests="3" failures="0" timestamp="31 Mar 2022 13:13:35 GMT" time="77.677" errors="0">
  <testcase name="Verify_Complete_ScanOut" time="55.458" classname="Hybrent3_9_0rc1.ScanOut"/>
  <testcase name="Verify_ScanOutButtonTap" time="11.916" classname="Hybrent3_9_0rc1.ScanOut"/>
  <testcase name="Verify_AddItemScanOut" time="10.303" classname="Hybrent3_9_0rc1.ScanOut"/>
</testsuite> <!-- Hybrent3_9_0rc1.ScanOut -->
