<?xml version="1.0" encoding="UTF-8"?>
<!-- Generated by org.testng.reporters.JUnitReportReporter -->
<testsuite hostname="DESKTOP-9JTRJBE" name="Hybrent3_8_1rc2.ScanOut" tests="3" failures="0" timestamp="9 Mar 2022 11:47:26 GMT" time="76.678" errors="0">
  <testcase name="Verify_ScanOutButtonTap" time="12.082" classname="Hybrent3_8_1rc2.ScanOut"/>
  <testcase name="Verify_AddItemScanOut" time="10.622" classname="Hybrent3_8_1rc2.ScanOut"/>
  <testcase name="Verify_Complete_ScanOut" time="53.974" classname="Hybrent3_8_1rc2.ScanOut"/>
</testsuite> <!-- Hybrent3_8_1rc2.ScanOut -->
