<?xml version="1.0" encoding="UTF-8"?>
<!-- Generated by org.testng.reporters.JUnitReportReporter -->
<testsuite hostname="DESKTOP-9JTRJBE" name="Hybrent3_4_0.BillAndReplace" tests="4" failures="0" timestamp="21 Oct 2020 13:49:04 GMT" time="114.169" errors="0">
  <testcase name="Recieve_Order" time="46.740" classname="Hybrent3_4_0.BillAndReplace"/>
  <testcase name="Bill_nd_Replace" time="36.003" classname="Hybrent3_4_0.BillAndReplace"/>
  <testcase name="Verify_Order" time="25.292" classname="Hybrent3_4_0.BillAndReplace"/>
  <testcase name="Generate_po" time="6.134" classname="Hybrent3_4_0.BillAndReplace"/>
</testsuite> <!-- Hybrent3_4_0.BillAndReplace -->
