<?xml version="1.0" encoding="UTF-8"?>
<!-- Generated by org.testng.reporters.JUnitReportReporter -->
<testsuite hostname="DESKTOP-9JTRJBE" name="Hybrent3_5_0.Invoice" tests="1" failures="0" timestamp="7 Jan 2021 14:24:10 GMT" time="27.947" errors="0">
  <testcase name="invoice" time="27.947" classname="Hybrent3_5_0.Invoice"/>
</testsuite> <!-- Hybrent3_5_0.Invoice -->
