<?xml version="1.0" encoding="UTF-8"?>
<!-- Generated by org.testng.reporters.JUnitReportReporter -->
<testsuite hostname="DESKTOP-9JTRJBE" name="Hybrent3_8_1rc2.Cart" tests="3" failures="0" timestamp="9 Mar 2022 11:47:26 GMT" time="162.536" errors="0">
  <testcase name="Create_Order" time="78.393" classname="Hybrent3_8_1rc2.Cart"/>
  <testcase name="Verify_Cart" time="50.271" classname="Hybrent3_8_1rc2.Cart"/>
  <testcase name="Verify_ADDItemsFromCart" time="33.872" classname="Hybrent3_8_1rc2.Cart"/>
</testsuite> <!-- Hybrent3_8_1rc2.Cart -->
