<?xml version="1.0" encoding="UTF-8"?>
<!-- Generated by org.testng.reporters.JUnitReportReporter -->
<testsuite hostname="DESKTOP-9JTRJBE" name="Hybrent3_9_0rc3.Orders" tests="1" failures="0" timestamp="25 Apr 2022 07:10:50 GMT" time="24.685" errors="0">
  <testcase name="Verify_Order" time="24.685" classname="Hybrent3_9_0rc3.Orders"/>
</testsuite> <!-- Hybrent3_9_0rc3.Orders -->
