<?xml version="1.0" encoding="UTF-8"?>
<!-- Generated by org.testng.reporters.JUnitReportReporter -->
<testsuite hostname="DESKTOP-9JTRJBE" name="Hybrent3_9_0rc1.Claim" tests="3" failures="0" timestamp="31 Mar 2022 13:13:35 GMT" time="92.739" errors="0">
  <testcase name="VerifyAddItemInClaim" time="22.269" classname="Hybrent3_9_0rc1.Claim"/>
  <testcase name="VerifyClaimCreation" time="32.648" classname="Hybrent3_9_0rc1.Claim"/>
  <testcase name="VerifyStartNewClaimButtonTap" time="37.822" classname="Hybrent3_9_0rc1.Claim"/>
</testsuite> <!-- Hybrent3_9_0rc1.Claim -->
