<?xml version="1.0" encoding="UTF-8"?>
<!-- Generated by org.testng.reporters.JUnitReportReporter -->
<testsuite hostname="DESKTOP-9JTRJBE" name="Hybrent3_8_1rc2.Templates" tests="9" failures="0" timestamp="9 Mar 2022 11:47:26 GMT" time="170.718" errors="0">
  <testcase name="Make_Order" time="13.315" classname="Hybrent3_8_1rc2.Templates"/>
  <testcase name="Verify_OrderTemplateDetailPage" time="10.109" classname="Hybrent3_8_1rc2.Templates"/>
  <testcase name="Verify_ScanOutTemplate" time="23.963" classname="Hybrent3_8_1rc2.Templates"/>
  <testcase name="Verify_KitTemplate" time="1.031" classname="Hybrent3_8_1rc2.Templates"/>
  <testcase name="Verify_OrderTemplate" time="45.515" classname="Hybrent3_8_1rc2.Templates"/>
  <testcase name="Verify_KitTemplateDetailPage" time="14.956" classname="Hybrent3_8_1rc2.Templates"/>
  <testcase name="Verify_ScanOutTemplateDetailPage" time="8.740" classname="Hybrent3_8_1rc2.Templates"/>
  <testcase name="Verify_ScanOut" time="37.359" classname="Hybrent3_8_1rc2.Templates"/>
  <testcase name="Make_Kit" time="15.730" classname="Hybrent3_8_1rc2.Templates"/>
</testsuite> <!-- Hybrent3_8_1rc2.Templates -->
