<?xml version="1.0" encoding="UTF-8"?>
<!-- Generated by org.testng.reporters.JUnitReportReporter -->
<testsuite hostname="DESKTOP-9JTRJBE" name="Hybrent3_9_0rc3.Inventory_Receive" tests="3" failures="0" timestamp="25 Apr 2022 07:10:49 GMT" time="116.016" errors="0">
  <testcase name="VerifyInventoryRecieveButtonTap" time="51.971" classname="Hybrent3_9_0rc3.Inventory_Receive"/>
  <testcase name="VerifyCompleteInventoryRecieve" time="31.264" classname="Hybrent3_9_0rc3.Inventory_Receive"/>
  <testcase name="CreateVendorSignature" time="32.781" classname="Hybrent3_9_0rc3.Inventory_Receive"/>
</testsuite> <!-- Hybrent3_9_0rc3.Inventory_Receive -->
