<?xml version="1.0" encoding="UTF-8"?>
<!-- Generated by org.testng.reporters.JUnitReportReporter -->
<testsuite hostname="DESKTOP-9JTRJBE" name="Hybrent3_9_0rc2.Receive_Orders" tests="3" failures="0" timestamp="7 Apr 2022 05:09:11 GMT" time="74.756" errors="0">
  <testcase name="Verify_ReceiveOrder" time="27.244" classname="Hybrent3_9_0rc2.Receive_Orders"/>
  <testcase name="VerifySearch_Order" time="5.058" classname="Hybrent3_9_0rc2.Receive_Orders"/>
  <testcase name="VerifyTap_ReceiveOrder" time="42.454" classname="Hybrent3_9_0rc2.Receive_Orders"/>
</testsuite> <!-- Hybrent3_9_0rc2.Receive_Orders -->
