<?xml version="1.0" encoding="UTF-8"?>
<!-- Generated by org.testng.reporters.JUnitReportReporter -->
<testsuite hostname="DESKTOP-9JTRJBE" name="Hybrent3_6_0rc2.Inventory_Receive" tests="3" failures="0" timestamp="11 Jun 2021 11:33:06 GMT" time="128.160" errors="0">
  <testcase name="CreateVendorSignature" time="62.119" classname="Hybrent3_6_0rc2.Inventory_Receive"/>
  <testcase name="VerifyCompleteInventoryRecieve" time="20.293" classname="Hybrent3_6_0rc2.Inventory_Receive"/>
  <testcase name="VerifyInventoryRecieveButtonTap" time="45.748" classname="Hybrent3_6_0rc2.Inventory_Receive"/>
</testsuite> <!-- Hybrent3_6_0rc2.Inventory_Receive -->
