<?xml version="1.0" encoding="UTF-8"?>
<!-- Generated by org.testng.reporters.JUnitReportReporter -->
<testsuite hostname="DESKTOP-9JTRJBE" name="Hybrent3_5_2.BillAndReplace" tests="4" failures="0" timestamp="17 Mar 2021 07:31:47 GMT" time="121.402" errors="0">
  <testcase name="Verify_Order" time="25.149" classname="Hybrent3_5_2.BillAndReplace"/>
  <testcase name="Generate_po" time="5.110" classname="Hybrent3_5_2.BillAndReplace"/>
  <testcase name="Bill_nd_Replace" time="40.109" classname="Hybrent3_5_2.BillAndReplace"/>
  <testcase name="Recieve_Order" time="51.034" classname="Hybrent3_5_2.BillAndReplace"/>
</testsuite> <!-- Hybrent3_5_2.BillAndReplace -->
