<?xml version="1.0" encoding="UTF-8"?>
<!-- Generated by org.testng.reporters.JUnitReportReporter -->
<testsuite hostname="DESKTOP-9JTRJBE" name="Hybrent3_8_0rc4.ScanIn" tests="3" failures="0" timestamp="1 Feb 2022 11:46:55 GMT" time="67.124" errors="0">
  <testcase name="Verify_Complete_ScanIn" time="27.175" classname="Hybrent3_8_0rc4.ScanIn"/>
  <testcase name="VerifyAddItem_ScanIn" time="23.117" classname="Hybrent3_8_0rc4.ScanIn"/>
  <testcase name="Verify_ScanInButtonTap" time="16.832" classname="Hybrent3_8_0rc4.ScanIn"/>
</testsuite> <!-- Hybrent3_8_0rc4.ScanIn -->
