<?xml version="1.0" encoding="UTF-8"?>
<!-- Generated by org.testng.reporters.JUnitReportReporter -->
<testsuite hostname="DESKTOP-9JTRJBE" name="Hybrent3_7_0rc3.Charge_Resident" tests="3" failures="0" timestamp="19 Aug 2021 13:00:52 GMT" time="35.111" errors="0">
  <testcase name="VerifyAddItemChargeResident" time="9.767" classname="Hybrent3_7_0rc3.Charge_Resident"/>
  <testcase name="VerifyChargeResidentButtonTap" time="20.178" classname="Hybrent3_7_0rc3.Charge_Resident"/>
  <testcase name="VerifyCompleteChargeResident" time="5.166" classname="Hybrent3_7_0rc3.Charge_Resident"/>
</testsuite> <!-- Hybrent3_7_0rc3.Charge_Resident -->
