<?xml version="1.0" encoding="UTF-8"?>
<!-- Generated by org.testng.reporters.JUnitReportReporter -->
<testsuite hostname="DESKTOP-9JTRJBE" name="Hybrent3_8_1rc2.BillOnly" tests="3" failures="0" timestamp="9 Mar 2022 11:47:26 GMT" time="161.799" errors="0">
  <testcase name="GenerateOrderBillOnly" time="68.877" classname="Hybrent3_8_1rc2.BillOnly"/>
  <testcase name="VerifyAddNewItemBillOnly" time="31.165" classname="Hybrent3_8_1rc2.BillOnly"/>
  <testcase name="VerifyBillOnlyButtonTap" time="61.757" classname="Hybrent3_8_1rc2.BillOnly"/>
</testsuite> <!-- Hybrent3_8_1rc2.BillOnly -->
