<?xml version="1.0" encoding="UTF-8"?>
<!-- Generated by org.testng.reporters.JUnitReportReporter -->
<testsuite hostname="DESKTOP-9JTRJBE" name="Hybrent.Invoice" tests="1" failures="0" timestamp="14 Aug 2020 12:59:45 GMT" time="83.458" errors="0">
  <testcase name="invoice" time="83.458" classname="Hybrent.Invoice"/>
</testsuite> <!-- Hybrent.Invoice -->
