<?xml version="1.0" encoding="UTF-8"?>
<!-- Generated by org.testng.reporters.JUnitReportReporter -->
<testsuite hostname="DESKTOP-9JTRJBE" name="Hybrent.Login" tests="1" failures="0" timestamp="14 Aug 2020 12:59:45 GMT" time="8.462" errors="0">
  <testcase name="Login_Hybrent1" time="8.462" classname="Hybrent.Login"/>
</testsuite> <!-- Hybrent.Login -->
