<?xml version="1.0" encoding="UTF-8"?>
<!-- Generated by org.testng.reporters.JUnitReportReporter -->
<testsuite hostname="DESKTOP-9JTRJBE" name="Hybrent3_9_0rc3.Shipment" tests="3" failures="0" timestamp="25 Apr 2022 07:10:50 GMT" time="83.621" errors="0">
  <testcase name="ReceiveShipment" time="64.449" classname="Hybrent3_9_0rc3.Shipment"/>
  <testcase name="VerifyShipmentButtonTap" time="17.843" classname="Hybrent3_9_0rc3.Shipment"/>
  <testcase name="VerifyShipmentDeatailPage" time="1.329" classname="Hybrent3_9_0rc3.Shipment"/>
</testsuite> <!-- Hybrent3_9_0rc3.Shipment -->
