<?xml version="1.0" encoding="UTF-8"?>
<!-- Generated by org.testng.reporters.JUnitReportReporter -->
<testsuite hostname="DESKTOP-9JTRJBE" name="Hybrent3_8_1rc2.Shop" tests="2" failures="0" timestamp="9 Mar 2022 11:47:26 GMT" time="32.146" errors="0">
  <testcase name="Verify_ItemAddToCart" time="12.025" classname="Hybrent3_8_1rc2.Shop"/>
  <testcase name="Verify_Shop" time="20.121" classname="Hybrent3_8_1rc2.Shop"/>
</testsuite> <!-- Hybrent3_8_1rc2.Shop -->
