<?xml version="1.0" encoding="UTF-8"?>
<!-- Generated by org.testng.reporters.JUnitReportReporter -->
<testsuite hostname="DESKTOP-9JTRJBE" name="Hybrent3_6_0rc2.Shipment" tests="3" failures="0" timestamp="11 Jun 2021 11:33:06 GMT" time="40.289" errors="0">
  <testcase name="ReceiveShipment" time="23.321" classname="Hybrent3_6_0rc2.Shipment"/>
  <testcase name="VerifyShipmentDeatailPage" time="5.495" classname="Hybrent3_6_0rc2.Shipment"/>
  <testcase name="VerifyShipmentButtonTap" time="11.473" classname="Hybrent3_6_0rc2.Shipment"/>
</testsuite> <!-- Hybrent3_6_0rc2.Shipment -->
