<?xml version="1.0" encoding="UTF-8"?>
<!-- Generated by org.testng.reporters.JUnitReportReporter -->
<testsuite hostname="DESKTOP-9JTRJBE" name="Hybrent3_6_0rc2.Cart" tests="3" failures="0" timestamp="11 Jun 2021 11:33:06 GMT" time="54.356" errors="0">
  <testcase name="Create_Order" time="9.677" classname="Hybrent3_6_0rc2.Cart"/>
  <testcase name="Verify_ADDItemsFromCart" time="26.313" classname="Hybrent3_6_0rc2.Cart"/>
  <testcase name="Verify_Cart" time="18.366" classname="Hybrent3_6_0rc2.Cart"/>
</testsuite> <!-- Hybrent3_6_0rc2.Cart -->
