<?xml version="1.0" encoding="UTF-8"?>
<!-- Generated by org.testng.reporters.JUnitReportReporter -->
<testsuite hostname="DESKTOP-9JTRJBE" name="Hybrent3_9_0rc1.Login" tests="6" failures="0" timestamp="31 Mar 2022 13:13:35 GMT" time="54.998" errors="0">
  <testcase name="LoginWithValidCrednetials" time="14.989" classname="Hybrent3_9_0rc1.Login"/>
  <testcase name="VerifyWithBlankSiteNameEnter" time="9.897" classname="Hybrent3_9_0rc1.Login"/>
  <testcase name="VerifyWithValidSiteNameEnter" time="6.643" classname="Hybrent3_9_0rc1.Login"/>
  <testcase name="LoginWithInvalidCrednetials" time="8.587" classname="Hybrent3_9_0rc1.Login"/>
  <testcase name="VerifyWithInvalidSiteNameEnter" time="6.288" classname="Hybrent3_9_0rc1.Login"/>
  <testcase name="LoginWithBlankCrednetials" time="8.594" classname="Hybrent3_9_0rc1.Login"/>
</testsuite> <!-- Hybrent3_9_0rc1.Login -->
