<?xml version="1.0" encoding="UTF-8"?>
<!-- Generated by org.testng.reporters.JUnitReportReporter -->
<testsuite hostname="DESKTOP-9JTRJBE" name="Hybrent3_9_0rc2.Claim" tests="3" failures="0" timestamp="7 Apr 2022 05:09:11 GMT" time="83.613" errors="0">
  <testcase name="VerifyClaimCreation" time="34.140" classname="Hybrent3_9_0rc2.Claim"/>
  <testcase name="VerifyAddItemInClaim" time="22.466" classname="Hybrent3_9_0rc2.Claim"/>
  <testcase name="VerifyStartNewClaimButtonTap" time="27.007" classname="Hybrent3_9_0rc2.Claim"/>
</testsuite> <!-- Hybrent3_9_0rc2.Claim -->
