<?xml version="1.0" encoding="UTF-8"?>
<!-- Generated by org.testng.reporters.JUnitReportReporter -->
<testsuite hostname="DESKTOP-9JTRJBE" name="Hybrent3_9_0rc3.Login" tests="6" failures="0" timestamp="25 Apr 2022 07:10:50 GMT" time="103.117" errors="0">
  <testcase name="LoginWithBlankCrednetials" time="58.307" classname="Hybrent3_9_0rc3.Login"/>
  <testcase name="VerifyWithInvalidSiteNameEnter" time="6.382" classname="Hybrent3_9_0rc3.Login"/>
  <testcase name="VerifyWithValidSiteNameEnter" time="6.692" classname="Hybrent3_9_0rc3.Login"/>
  <testcase name="LoginWithValidCrednetials" time="13.884" classname="Hybrent3_9_0rc3.Login"/>
  <testcase name="VerifyWithBlankSiteNameEnter" time="9.661" classname="Hybrent3_9_0rc3.Login"/>
  <testcase name="LoginWithInvalidCrednetials" time="8.191" classname="Hybrent3_9_0rc3.Login"/>
</testsuite> <!-- Hybrent3_9_0rc3.Login -->
