<?xml version="1.0" encoding="UTF-8"?>
<!-- Generated by org.testng.reporters.JUnitReportReporter -->
<testsuite hostname="DESKTOP-9JTRJBE" name="Hybrent.Claim" tests="1" failures="0" timestamp="14 Aug 2020 12:59:45 GMT" time="105.341" errors="0">
  <testcase name="Start_New_Claim" time="105.341" classname="Hybrent.Claim"/>
</testsuite> <!-- Hybrent.Claim -->
