<?xml version="1.0" encoding="UTF-8"?>
<!-- Generated by org.testng.reporters.JUnitReportReporter -->
<testsuite hostname="DESKTOP-9JTRJBE" name="Hybrent3_9_0rc1.Cycle_Count" tests="3" failures="0" timestamp="31 Mar 2022 13:13:35 GMT" time="168.428" errors="0">
  <testcase name="VerifyCycleCountButtonTap" time="49.064" classname="Hybrent3_9_0rc1.Cycle_Count"/>
  <testcase name="VerifyIntiateCycleCount" time="115.013" classname="Hybrent3_9_0rc1.Cycle_Count"/>
  <testcase name="Verify_CycleCount" time="4.351" classname="Hybrent3_9_0rc1.Cycle_Count"/>
</testsuite> <!-- Hybrent3_9_0rc1.Cycle_Count -->
