<?xml version="1.0" encoding="UTF-8"?>
<!-- Generated by org.testng.reporters.JUnitReportReporter -->
<testsuite hostname="DESKTOP-9JTRJBE" name="Hybrent.ScanIn" tests="1" failures="0" timestamp="14 Aug 2020 12:59:45 GMT" time="43.324" errors="0">
  <testcase name="Scan_In" time="43.324" classname="Hybrent.ScanIn"/>
</testsuite> <!-- Hybrent.ScanIn -->
