<?xml version="1.0" encoding="UTF-8"?>
<!-- Generated by org.testng.reporters.JUnitReportReporter -->
<testsuite hostname="DESKTOP-9JTRJBE" name="Hybrent3_7_0rc3.Cart" tests="3" failures="0" timestamp="19 Aug 2021 13:00:52 GMT" time="68.678" errors="0">
  <testcase name="Verify_Cart" time="18.495" classname="Hybrent3_7_0rc3.Cart"/>
  <testcase name="Verify_ADDItemsFromCart" time="37.336" classname="Hybrent3_7_0rc3.Cart"/>
  <testcase name="Create_Order" time="12.847" classname="Hybrent3_7_0rc3.Cart"/>
</testsuite> <!-- Hybrent3_7_0rc3.Cart -->
