<?xml version="1.0" encoding="UTF-8"?>
<!-- Generated by org.testng.reporters.JUnitReportReporter -->
<testsuite hostname="DESKTOP-9JTRJBE" name="Hybrent3_8_0rc4.Invoice" tests="3" failures="0" timestamp="1 Feb 2022 11:46:55 GMT" time="95.408" errors="0">
  <testcase name="VerifyProcessedInvoice" time="15.338" classname="Hybrent3_8_0rc4.Invoice"/>
  <testcase name="VerifyInvoiceButtonTap" time="71.783" classname="Hybrent3_8_0rc4.Invoice"/>
  <testcase name="VerifyInvoiceDeatilPage" time="8.287" classname="Hybrent3_8_0rc4.Invoice"/>
</testsuite> <!-- Hybrent3_8_0rc4.Invoice -->
