<?xml version="1.0" encoding="UTF-8"?>
<!-- Generated by org.testng.reporters.JUnitReportReporter -->
<testsuite hostname="DESKTOP-9JTRJBE" name="Hybrent3_8_1rc1.BillAndReplace" tests="5" failures="0" timestamp="9 Mar 2022 07:42:21 GMT" time="140.485" errors="0">
  <testcase name="Recieve_BillAndReplace_PO" time="61.478" classname="Hybrent3_8_1rc1.BillAndReplace"/>
  <testcase name="Generate_BillAndReplace_PO" time="18.178" classname="Hybrent3_8_1rc1.BillAndReplace"/>
  <testcase name="VerifyAddItem_BillAndReplace" time="11.760" classname="Hybrent3_8_1rc1.BillAndReplace"/>
  <testcase name="Verify_BillAndReplace_PO" time="20.767" classname="Hybrent3_8_1rc1.BillAndReplace"/>
  <testcase name="VerifyTap_BillAndReplace" time="28.302" classname="Hybrent3_8_1rc1.BillAndReplace"/>
</testsuite> <!-- Hybrent3_8_1rc1.BillAndReplace -->
