<?xml version="1.0" encoding="UTF-8"?>
<!-- Generated by org.testng.reporters.JUnitReportReporter -->
<testsuite hostname="DESKTOP-9JTRJBE" name="Hybrent3_9_0rc1.ScanIn" tests="3" failures="0" timestamp="31 Mar 2022 13:13:35 GMT" time="63.789" errors="0">
  <testcase name="Verify_Complete_ScanIn" time="23.354" classname="Hybrent3_9_0rc1.ScanIn"/>
  <testcase name="VerifyAddItem_ScanIn" time="23.432" classname="Hybrent3_9_0rc1.ScanIn"/>
  <testcase name="Verify_ScanInButtonTap" time="17.003" classname="Hybrent3_9_0rc1.ScanIn"/>
</testsuite> <!-- Hybrent3_9_0rc1.ScanIn -->
