<?xml version="1.0" encoding="UTF-8"?>
<!-- Generated by org.testng.reporters.JUnitReportReporter -->
<testsuite hostname="DESKTOP-9JTRJBE" name="Hybrent3_6_0.Invoice" tests="3" failures="0" timestamp="19 May 2021 04:09:54 GMT" time="24.768" errors="0">
  <testcase name="VerifyInvoiceButtonTap" time="6.605" classname="Hybrent3_6_0.Invoice"/>
  <testcase name="VerifyProcessedInvoice" time="8.389" classname="Hybrent3_6_0.Invoice"/>
  <testcase name="VerifyInvoiceDeatilPage" time="9.774" classname="Hybrent3_6_0.Invoice"/>
</testsuite> <!-- Hybrent3_6_0.Invoice -->
