<?xml version="1.0" encoding="UTF-8"?>
<!-- Generated by org.testng.reporters.JUnitReportReporter -->
<testsuite hostname="DESKTOP-9JTRJBE" name="Hybrent3_5_2.Inventory_Transfer" tests="1" failures="0" timestamp="17 Mar 2021 07:31:47 GMT" time="41.455" errors="0">
  <testcase name="InventoryTransfer" time="41.455" classname="Hybrent3_5_2.Inventory_Transfer"/>
</testsuite> <!-- Hybrent3_5_2.Inventory_Transfer -->
