<?xml version="1.0" encoding="UTF-8"?>
<!-- Generated by org.testng.reporters.JUnitReportReporter -->
<testsuite hostname="DESKTOP-9JTRJBE" name="Hybrent3_9_0rc1.Logout" tests="2" failures="0" timestamp="31 Mar 2022 13:13:35 GMT" time="44.331" errors="0">
  <testcase name="VerifyLogout" time="0.245" classname="Hybrent3_9_0rc1.Logout"/>
  <testcase name="VerifyLogoutButtonTap" time="44.086" classname="Hybrent3_9_0rc1.Logout"/>
</testsuite> <!-- Hybrent3_9_0rc1.Logout -->
