<?xml version="1.0" encoding="UTF-8"?>
<!-- Generated by org.testng.reporters.JUnitReportReporter -->
<testsuite hostname="DESKTOP-9JTRJBE" name="Hybrent3_6_0.Orders" tests="1" failures="0" timestamp="19 May 2021 04:09:54 GMT" time="24.746" errors="0">
  <testcase name="Verify_Order" time="24.746" classname="Hybrent3_6_0.Orders"/>
</testsuite> <!-- Hybrent3_6_0.Orders -->
