<?xml version="1.0" encoding="UTF-8"?>
<!-- Generated by org.testng.reporters.JUnitReportReporter -->
<testsuite hostname="DESKTOP-9JTRJBE" name="Hybrent3_8_0rc4.NewsAndEvents" tests="2" failures="0" timestamp="1 Feb 2022 11:46:55 GMT" time="53.786" errors="0">
  <testcase name="VerifyNewsDescriptionScreen" time="7.701" classname="Hybrent3_8_0rc4.NewsAndEvents"/>
  <testcase name="VerifyNewsAndEventsButtonTap" time="46.085" classname="Hybrent3_8_0rc4.NewsAndEvents"/>
</testsuite> <!-- Hybrent3_8_0rc4.NewsAndEvents -->
