<?xml version="1.0" encoding="UTF-8"?>
<!-- Generated by org.testng.reporters.JUnitReportReporter -->
<testsuite hostname="DESKTOP-9JTRJBE" name="Hybrent3_7_0rc3.Claim" tests="3" failures="0" timestamp="19 Aug 2021 13:00:52 GMT" time="79.552" errors="0">
  <testcase name="VerifyStartNewClaimButtonTap" time="27.196" classname="Hybrent3_7_0rc3.Claim"/>
  <testcase name="VerifyClaimCreation" time="30.139" classname="Hybrent3_7_0rc3.Claim"/>
  <testcase name="VerifyAddItemInClaim" time="22.217" classname="Hybrent3_7_0rc3.Claim"/>
</testsuite> <!-- Hybrent3_7_0rc3.Claim -->
