<?xml version="1.0" encoding="UTF-8"?>
<!-- Generated by org.testng.reporters.JUnitReportReporter -->
<testsuite hostname="DESKTOP-9JTRJBE" name="Hybrent3_8_1rc2.Shipment" tests="3" failures="0" timestamp="9 Mar 2022 11:47:26 GMT" time="39.369" errors="0">
  <testcase name="VerifyShipmentButtonTap" time="17.295" classname="Hybrent3_8_1rc2.Shipment"/>
  <testcase name="VerifyShipmentDeatailPage" time="1.314" classname="Hybrent3_8_1rc2.Shipment"/>
  <testcase name="ReceiveShipment" time="20.760" classname="Hybrent3_8_1rc2.Shipment"/>
</testsuite> <!-- Hybrent3_8_1rc2.Shipment -->
