<?xml version="1.0" encoding="UTF-8"?>
<!-- Generated by org.testng.reporters.JUnitReportReporter -->
<testsuite hostname="DESKTOP-9JTRJBE" name="Hybrent3_8_1rc1.BillOnly" tests="3" failures="0" timestamp="9 Mar 2022 07:42:21 GMT" time="157.781" errors="0">
  <testcase name="GenerateOrderBillOnly" time="67.528" classname="Hybrent3_8_1rc1.BillOnly"/>
  <testcase name="VerifyBillOnlyButtonTap" time="60.857" classname="Hybrent3_8_1rc1.BillOnly"/>
  <testcase name="VerifyAddNewItemBillOnly" time="29.396" classname="Hybrent3_8_1rc1.BillOnly"/>
</testsuite> <!-- Hybrent3_8_1rc1.BillOnly -->
