<?xml version="1.0" encoding="UTF-8"?>
<!-- Generated by org.testng.reporters.JUnitReportReporter -->
<testsuite hostname="DESKTOP-9JTRJBE" name="Hybrent3_9_0rc3.Templates" tests="9" failures="0" timestamp="25 Apr 2022 07:10:50 GMT" time="172.294" errors="0">
  <testcase name="Make_Order" time="13.292" classname="Hybrent3_9_0rc3.Templates"/>
  <testcase name="Verify_KitTemplate" time="0.468" classname="Hybrent3_9_0rc3.Templates"/>
  <testcase name="Make_Kit" time="15.670" classname="Hybrent3_9_0rc3.Templates"/>
  <testcase name="Verify_OrderTemplateDetailPage" time="10.201" classname="Hybrent3_9_0rc3.Templates"/>
  <testcase name="Verify_ScanOut" time="37.962" classname="Hybrent3_9_0rc3.Templates"/>
  <testcase name="Verify_ScanOutTemplate" time="24.559" classname="Hybrent3_9_0rc3.Templates"/>
  <testcase name="Verify_ScanOutTemplateDetailPage" time="9.121" classname="Hybrent3_9_0rc3.Templates"/>
  <testcase name="Verify_OrderTemplate" time="46.644" classname="Hybrent3_9_0rc3.Templates"/>
  <testcase name="Verify_KitTemplateDetailPage" time="14.377" classname="Hybrent3_9_0rc3.Templates"/>
</testsuite> <!-- Hybrent3_9_0rc3.Templates -->
