<?xml version="1.0" encoding="UTF-8"?>
<!-- Generated by org.testng.reporters.JUnitReportReporter -->
<testsuite hostname="DESKTOP-9JTRJBE" name="Hybrent3_6_0rc2.Logout" tests="2" failures="0" timestamp="11 Jun 2021 11:33:06 GMT" time="44.101" errors="0">
  <testcase name="VerifyLogoutButtonTap" time="43.831" classname="Hybrent3_6_0rc2.Logout"/>
  <testcase name="VerifyLogout" time="0.270" classname="Hybrent3_6_0rc2.Logout"/>
</testsuite> <!-- Hybrent3_6_0rc2.Logout -->
