<?xml version="1.0" encoding="UTF-8"?>
<!-- Generated by org.testng.reporters.JUnitReportReporter -->
<testsuite hostname="DESKTOP-9JTRJBE" name="Hybrent3_6_0rc2.Charge_Resident" tests="3" failures="0" timestamp="11 Jun 2021 11:33:06 GMT" time="35.327" errors="0">
  <testcase name="VerifyCompleteChargeResident" time="4.891" classname="Hybrent3_6_0rc2.Charge_Resident"/>
  <testcase name="VerifyChargeResidentButtonTap" time="20.910" classname="Hybrent3_6_0rc2.Charge_Resident"/>
  <testcase name="VerifyAddItemChargeResident" time="9.526" classname="Hybrent3_6_0rc2.Charge_Resident"/>
</testsuite> <!-- Hybrent3_6_0rc2.Charge_Resident -->
