<?xml version="1.0" encoding="UTF-8"?>
<!-- Generated by org.testng.reporters.JUnitReportReporter -->
<testsuite hostname="DESKTOP-9JTRJBE" name="Hybrent3_6_0rc2.Invoice" tests="3" failures="0" timestamp="11 Jun 2021 11:33:06 GMT" time="25.201" errors="0">
  <testcase name="VerifyInvoiceButtonTap" time="11.261" classname="Hybrent3_6_0rc2.Invoice"/>
  <testcase name="VerifyProcessedInvoice" time="8.149" classname="Hybrent3_6_0rc2.Invoice"/>
  <testcase name="VerifyInvoiceDeatilPage" time="5.791" classname="Hybrent3_6_0rc2.Invoice"/>
</testsuite> <!-- Hybrent3_6_0rc2.Invoice -->
