<?xml version="1.0" encoding="UTF-8"?>
<!-- Generated by org.testng.reporters.JUnitReportReporter -->
<testsuite hostname="DESKTOP-9JTRJBE" name="Hybrent3_9_0rc2.Settings" tests="2" failures="0" timestamp="7 Apr 2022 05:09:11 GMT" time="43.486" errors="0">
  <testcase name="VerifySettingsScreen" time="31.474" classname="Hybrent3_9_0rc2.Settings"/>
  <testcase name="VerifySettingsButtonTap" time="12.012" classname="Hybrent3_9_0rc2.Settings"/>
</testsuite> <!-- Hybrent3_9_0rc2.Settings -->
