<?xml version="1.0" encoding="UTF-8"?>
<!-- Generated by org.testng.reporters.JUnitReportReporter -->
<testsuite hostname="DESKTOP-9JTRJBE" name="Hybrent3_9_0rc2.Profile" tests="2" failures="0" timestamp="7 Apr 2022 05:09:11 GMT" time="73.287" errors="0">
  <testcase name="VerifyProfileScreen" time="30.702" classname="Hybrent3_9_0rc2.Profile"/>
  <testcase name="VerifyProfileButtonTap" time="42.585" classname="Hybrent3_9_0rc2.Profile"/>
</testsuite> <!-- Hybrent3_9_0rc2.Profile -->
