<?xml version="1.0" encoding="UTF-8"?>
<!-- Generated by org.testng.reporters.JUnitReportReporter -->
<testsuite hostname="DESKTOP-9JTRJBE" name="Hybrent3_9_0rc2.Inventory_Transfer" tests="3" failures="0" timestamp="7 Apr 2022 05:09:11 GMT" time="50.968" errors="0">
  <testcase name="VerifyAddItemTransfer" time="29.453" classname="Hybrent3_9_0rc2.Inventory_Transfer"/>
  <testcase name="VerifyInventoryTransferButtonTap" time="16.674" classname="Hybrent3_9_0rc2.Inventory_Transfer"/>
  <testcase name="VerifyCompleteInventoryTransfer" time="4.841" classname="Hybrent3_9_0rc2.Inventory_Transfer"/>
</testsuite> <!-- Hybrent3_9_0rc2.Inventory_Transfer -->
