<?xml version="1.0" encoding="UTF-8"?>
<!-- Generated by org.testng.reporters.JUnitReportReporter -->
<testsuite hostname="DESKTOP-9JTRJBE" name="Hybrent3_8_1rc2.Inventory_Receive" tests="3" failures="0" timestamp="9 Mar 2022 11:47:26 GMT" time="101.421" errors="0">
  <testcase name="VerifyCompleteInventoryRecieve" time="20.133" classname="Hybrent3_8_1rc2.Inventory_Receive"/>
  <testcase name="CreateVendorSignature" time="32.111" classname="Hybrent3_8_1rc2.Inventory_Receive"/>
  <testcase name="VerifyInventoryRecieveButtonTap" time="49.177" classname="Hybrent3_8_1rc2.Inventory_Receive"/>
</testsuite> <!-- Hybrent3_8_1rc2.Inventory_Receive -->
