<?xml version="1.0" encoding="UTF-8"?>
<!-- Generated by org.testng.reporters.JUnitReportReporter -->
<testsuite hostname="DESKTOP-9JTRJBE" name="Hybrent3_6_0.Charge_Resident" tests="3" failures="0" timestamp="19 May 2021 04:09:54 GMT" time="35.652" errors="0">
  <testcase name="VerifyChargeResidentButtonTap" time="20.490" classname="Hybrent3_6_0.Charge_Resident"/>
  <testcase name="VerifyCompleteChargeResident" time="4.790" classname="Hybrent3_6_0.Charge_Resident"/>
  <testcase name="VerifyAddItemChargeResident" time="10.372" classname="Hybrent3_6_0.Charge_Resident"/>
</testsuite> <!-- Hybrent3_6_0.Charge_Resident -->
