<?xml version="1.0" encoding="UTF-8"?>
<!-- Generated by org.testng.reporters.JUnitReportReporter -->
<testsuite hostname="DESKTOP-9JTRJBE" name="Hybrent3_6_0.Inventory_Transfer" tests="3" failures="0" timestamp="19 May 2021 04:09:54 GMT" time="41.424" errors="0">
  <testcase name="VerifyCompleteInventoryTransfer" time="3.654" classname="Hybrent3_6_0.Inventory_Transfer"/>
  <testcase name="VerifyInventoryTransferButtonTap" time="15.343" classname="Hybrent3_6_0.Inventory_Transfer"/>
  <testcase name="VerifyAddItemTransfer" time="22.427" classname="Hybrent3_6_0.Inventory_Transfer"/>
</testsuite> <!-- Hybrent3_6_0.Inventory_Transfer -->
