<?xml version="1.0" encoding="UTF-8"?>
<!-- Generated by org.testng.reporters.JUnitReportReporter -->
<testsuite hostname="DESKTOP-9JTRJBE" name="Hybrent3_9_0rc1.Orders" tests="1" failures="0" timestamp="31 Mar 2022 13:13:35 GMT" time="18.598" errors="0">
  <testcase name="Verify_Order" time="18.598" classname="Hybrent3_9_0rc1.Orders"/>
</testsuite> <!-- Hybrent3_9_0rc1.Orders -->
