<?xml version="1.0" encoding="UTF-8"?>
<!-- Generated by org.testng.reporters.JUnitReportReporter -->
<testsuite hostname="DESKTOP-9JTRJBE" name="Hybrent3_8_1rc1.Invoice" tests="3" failures="0" timestamp="9 Mar 2022 07:42:21 GMT" time="110.916" errors="0">
  <testcase name="VerifyInvoiceDeatilPage" time="10.301" classname="Hybrent3_8_1rc1.Invoice"/>
  <testcase name="VerifyProcessedInvoice" time="63.175" classname="Hybrent3_8_1rc1.Invoice"/>
  <testcase name="VerifyInvoiceButtonTap" time="37.440" classname="Hybrent3_8_1rc1.Invoice"/>
</testsuite> <!-- Hybrent3_8_1rc1.Invoice -->
