<?xml version="1.0" encoding="UTF-8"?>
<!-- Generated by org.testng.reporters.JUnitReportReporter -->
<testsuite hostname="DESKTOP-9JTRJBE" name="Hybrent3_6_0rc2.Orders" tests="1" failures="0" timestamp="11 Jun 2021 11:33:06 GMT" time="25.638" errors="0">
  <testcase name="Verify_Order" time="25.638" classname="Hybrent3_6_0rc2.Orders"/>
</testsuite> <!-- Hybrent3_6_0rc2.Orders -->
