<?xml version="1.0" encoding="UTF-8"?>
<!-- Generated by org.testng.reporters.JUnitReportReporter -->
<testsuite hostname="DESKTOP-9JTRJBE" name="Hybrent3_9_0rc1.NewsAndEvents" tests="2" failures="0" timestamp="31 Mar 2022 13:13:35 GMT" time="72.250" errors="0">
  <testcase name="VerifyNewsDescriptionScreen" time="7.990" classname="Hybrent3_9_0rc1.NewsAndEvents"/>
  <testcase name="VerifyNewsAndEventsButtonTap" time="64.260" classname="Hybrent3_9_0rc1.NewsAndEvents"/>
</testsuite> <!-- Hybrent3_9_0rc1.NewsAndEvents -->
